The system is: Linux - 4.4.50-v7+ - armv7l
Compiling the C compiler identification source file "CMakeCCompilerId.c" succeeded.
Compiler: /usr/bin/cc 
Build flags: 
Id flags: 

The output was:
0


Compilation of the C compiler identification source "CMakeCCompilerId.c" produced "a.out"

The C compiler identification is GNU, found in "/home/pi/Documents/MechWarfareStuff/mjpg-streamer-master/mjpg-streamer-experimental/CMakeFiles/3.6.2/CompilerIdC/a.out"

Compiling the CXX compiler identification source file "CMakeCXXCompilerId.cpp" succeeded.
Compiler: /usr/bin/c++ 
Build flags: 
Id flags: 

The output was:
0


Compilation of the CXX compiler identification source "CMakeCXXCompilerId.cpp" produced "a.out"

The CXX compiler identification is GNU, found in "/home/pi/Documents/MechWarfareStuff/mjpg-streamer-master/mjpg-streamer-experimental/CMakeFiles/3.6.2/CompilerIdCXX/a.out"

Determining if the C compiler works passed with the following output:
Change Dir: /home/pi/Documents/MechWarfareStuff/mjpg-streamer-master/mjpg-streamer-experimental/CMakeFiles/CMakeTmp

Run Build Command:"/usr/bin/make" "cmTC_2a7f8/fast"
/usr/bin/make -f CMakeFiles/cmTC_2a7f8.dir/build.make CMakeFiles/cmTC_2a7f8.dir/build
make[1]: Entering directory '/home/pi/Documents/MechWarfareStuff/mjpg-streamer-master/mjpg-streamer-experimental/CMakeFiles/CMakeTmp'
Building C object CMakeFiles/cmTC_2a7f8.dir/testCCompiler.c.o
/usr/bin/cc     -o CMakeFiles/cmTC_2a7f8.dir/testCCompiler.c.o   -c /home/pi/Documents/MechWarfareStuff/mjpg-streamer-master/mjpg-streamer-experimental/CMakeFiles/CMakeTmp/testCCompiler.c
Linking C executable cmTC_2a7f8
/usr/bin/cmake -E cmake_link_script CMakeFiles/cmTC_2a7f8.dir/link.txt --verbose=1
/usr/bin/cc       CMakeFiles/cmTC_2a7f8.dir/testCCompiler.c.o  -o cmTC_2a7f8 -rdynamic 
make[1]: Leaving directory '/home/pi/Documents/MechWarfareStuff/mjpg-streamer-master/mjpg-streamer-experimental/CMakeFiles/CMakeTmp'


Detecting C compiler ABI info compiled with the following output:
Change Dir: /home/pi/Documents/MechWarfareStuff/mjpg-streamer-master/mjpg-streamer-experimental/CMakeFiles/CMakeTmp

Run Build Command:"/usr/bin/make" "cmTC_2611a/fast"
/usr/bin/make -f CMakeFiles/cmTC_2611a.dir/build.make CMakeFiles/cmTC_2611a.dir/build
make[1]: Entering directory '/home/pi/Documents/MechWarfareStuff/mjpg-streamer-master/mjpg-streamer-experimental/CMakeFiles/CMakeTmp'
Building C object CMakeFiles/cmTC_2611a.dir/CMakeCCompilerABI.c.o
/usr/bin/cc     -o CMakeFiles/cmTC_2611a.dir/CMakeCCompilerABI.c.o   -c /usr/share/cmake-3.6/Modules/CMakeCCompilerABI.c
Linking C executable cmTC_2611a
/usr/bin/cmake -E cmake_link_script CMakeFiles/cmTC_2611a.dir/link.txt --verbose=1
/usr/bin/cc      -v CMakeFiles/cmTC_2611a.dir/CMakeCCompilerABI.c.o  -o cmTC_2611a -rdynamic  
Using built-in specs.
COLLECT_GCC=/usr/bin/cc
COLLECT_LTO_WRAPPER=/usr/lib/gcc/arm-linux-gnueabihf/4.9/lto-wrapper
Target: arm-linux-gnueabihf
Configured with: ../src/configure -v --with-pkgversion='Raspbian 4.9.2-10' --with-bugurl=file:///usr/share/doc/gcc-4.9/README.Bugs --enable-languages=c,c++,java,go,d,fortran,objc,obj-c++ --prefix=/usr --program-suffix=-4.9 --enable-shared --enable-linker-build-id --libexecdir=/usr/lib --without-included-gettext --enable-threads=posix --with-gxx-include-dir=/usr/include/c++/4.9 --libdir=/usr/lib --enable-nls --with-sysroot=/ --enable-clocale=gnu --enable-libstdcxx-debug --enable-libstdcxx-time=yes --enable-gnu-unique-object --disable-libitm --disable-libquadmath --enable-plugin --with-system-zlib --disable-browser-plugin --enable-java-awt=gtk --enable-gtk-cairo --with-java-home=/usr/lib/jvm/java-1.5.0-gcj-4.9-armhf/jre --enable-java-home --with-jvm-root-dir=/usr/lib/jvm/java-1.5.0-gcj-4.9-armhf --with-jvm-jar-dir=/usr/lib/jvm-exports/java-1.5.0-gcj-4.9-armhf --with-arch-directory=arm --with-ecj-jar=/usr/share/java/eclipse-ecj.jar --enable-objc-gc --enable-multiarch --disable-sjlj-exceptions --with-arch=armv6 --with-fpu=vfp --with-float=hard --enable-checking=release --build=arm-linux-gnueabihf --host=arm-linux-gnueabihf --target=arm-linux-gnueabihf
Thread model: posix
gcc version 4.9.2 (Raspbian 4.9.2-10) 
COMPILER_PATH=/usr/lib/gcc/arm-linux-gnueabihf/4.9/:/usr/lib/gcc/arm-linux-gnueabihf/4.9/:/usr/lib/gcc/arm-linux-gnueabihf/:/usr/lib/gcc/arm-linux-gnueabihf/4.9/:/usr/lib/gcc/arm-linux-gnueabihf/
LIBRARY_PATH=/usr/lib/gcc/arm-linux-gnueabihf/4.9/:/usr/lib/gcc/arm-linux-gnueabihf/4.9/../../../arm-linux-gnueabihf/:/usr/lib/gcc/arm-linux-gnueabihf/4.9/../../../:/lib/arm-linux-gnueabihf/:/lib/:/usr/lib/arm-linux-gnueabihf/:/usr/lib/
COLLECT_GCC_OPTIONS='-v' '-o' 'cmTC_2611a' '-rdynamic' '-march=armv6' '-mfloat-abi=hard' '-mfpu=vfp' '-mtls-dialect=gnu'
 /usr/lib/gcc/arm-linux-gnueabihf/4.9/collect2 -plugin /usr/lib/gcc/arm-linux-gnueabihf/4.9/liblto_plugin.so -plugin-opt=/usr/lib/gcc/arm-linux-gnueabihf/4.9/lto-wrapper -plugin-opt=-fresolution=/tmp/cc57Gn2r.res -plugin-opt=-pass-through=-lgcc -plugin-opt=-pass-through=-lgcc_s -plugin-opt=-pass-through=-lc -plugin-opt=-pass-through=-lgcc -plugin-opt=-pass-through=-lgcc_s --sysroot=/ --build-id --eh-frame-hdr -export-dynamic -dynamic-linker /lib/ld-linux-armhf.so.3 -X --hash-style=gnu -m armelf_linux_eabi -o cmTC_2611a /usr/lib/gcc/arm-linux-gnueabihf/4.9/../../../arm-linux-gnueabihf/crt1.o /usr/lib/gcc/arm-linux-gnueabihf/4.9/../../../arm-linux-gnueabihf/crti.o /usr/lib/gcc/arm-linux-gnueabihf/4.9/crtbegin.o -L/usr/lib/gcc/arm-linux-gnueabihf/4.9 -L/usr/lib/gcc/arm-linux-gnueabihf/4.9/../../../arm-linux-gnueabihf -L/usr/lib/gcc/arm-linux-gnueabihf/4.9/../../.. -L/lib/arm-linux-gnueabihf -L/usr/lib/arm-linux-gnueabihf CMakeFiles/cmTC_2611a.dir/CMakeCCompilerABI.c.o -lgcc --as-needed -lgcc_s --no-as-needed -lc -lgcc --as-needed -lgcc_s --no-as-needed /usr/lib/gcc/arm-linux-gnueabihf/4.9/crtend.o /usr/lib/gcc/arm-linux-gnueabihf/4.9/../../../arm-linux-gnueabihf/crtn.o
make[1]: Leaving directory '/home/pi/Documents/MechWarfareStuff/mjpg-streamer-master/mjpg-streamer-experimental/CMakeFiles/CMakeTmp'


Parsed C implicit link information from above output:
  link line regex: [^( *|.*[/\])(ld|([^/\]+-)?ld|collect2)[^/\]*( |$)]
  ignore line: [Change Dir: /home/pi/Documents/MechWarfareStuff/mjpg-streamer-master/mjpg-streamer-experimental/CMakeFiles/CMakeTmp]
  ignore line: []
  ignore line: [Run Build Command:"/usr/bin/make" "cmTC_2611a/fast"]
  ignore line: [/usr/bin/make -f CMakeFiles/cmTC_2611a.dir/build.make CMakeFiles/cmTC_2611a.dir/build]
  ignore line: [make[1]: Entering directory '/home/pi/Documents/MechWarfareStuff/mjpg-streamer-master/mjpg-streamer-experimental/CMakeFiles/CMakeTmp']
  ignore line: [Building C object CMakeFiles/cmTC_2611a.dir/CMakeCCompilerABI.c.o]
  ignore line: [/usr/bin/cc     -o CMakeFiles/cmTC_2611a.dir/CMakeCCompilerABI.c.o   -c /usr/share/cmake-3.6/Modules/CMakeCCompilerABI.c]
  ignore line: [Linking C executable cmTC_2611a]
  ignore line: [/usr/bin/cmake -E cmake_link_script CMakeFiles/cmTC_2611a.dir/link.txt --verbose=1]
  ignore line: [/usr/bin/cc      -v CMakeFiles/cmTC_2611a.dir/CMakeCCompilerABI.c.o  -o cmTC_2611a -rdynamic  ]
  ignore line: [Using built-in specs.]
  ignore line: [COLLECT_GCC=/usr/bin/cc]
  ignore line: [COLLECT_LTO_WRAPPER=/usr/lib/gcc/arm-linux-gnueabihf/4.9/lto-wrapper]
  ignore line: [Target: arm-linux-gnueabihf]
  ignore line: [Configured with: ../src/configure -v --with-pkgversion='Raspbian 4.9.2-10' --with-bugurl=file:///usr/share/doc/gcc-4.9/README.Bugs --enable-languages=c,c++,java,go,d,fortran,objc,obj-c++ --prefix=/usr --program-suffix=-4.9 --enable-shared --enable-linker-build-id --libexecdir=/usr/lib --without-included-gettext --enable-threads=posix --with-gxx-include-dir=/usr/include/c++/4.9 --libdir=/usr/lib --enable-nls --with-sysroot=/ --enable-clocale=gnu --enable-libstdcxx-debug --enable-libstdcxx-time=yes --enable-gnu-unique-object --disable-libitm --disable-libquadmath --enable-plugin --with-system-zlib --disable-browser-plugin --enable-java-awt=gtk --enable-gtk-cairo --with-java-home=/usr/lib/jvm/java-1.5.0-gcj-4.9-armhf/jre --enable-java-home --with-jvm-root-dir=/usr/lib/jvm/java-1.5.0-gcj-4.9-armhf --with-jvm-jar-dir=/usr/lib/jvm-exports/java-1.5.0-gcj-4.9-armhf --with-arch-directory=arm --with-ecj-jar=/usr/share/java/eclipse-ecj.jar --enable-objc-gc --enable-multiarch --disable-sjlj-exceptions --with-arch=armv6 --with-fpu=vfp --with-float=hard --enable-checking=release --build=arm-linux-gnueabihf --host=arm-linux-gnueabihf --target=arm-linux-gnueabihf]
  ignore line: [Thread model: posix]
  ignore line: [gcc version 4.9.2 (Raspbian 4.9.2-10) ]
  ignore line: [COMPILER_PATH=/usr/lib/gcc/arm-linux-gnueabihf/4.9/:/usr/lib/gcc/arm-linux-gnueabihf/4.9/:/usr/lib/gcc/arm-linux-gnueabihf/:/usr/lib/gcc/arm-linux-gnueabihf/4.9/:/usr/lib/gcc/arm-linux-gnueabihf/]
  ignore line: [LIBRARY_PATH=/usr/lib/gcc/arm-linux-gnueabihf/4.9/:/usr/lib/gcc/arm-linux-gnueabihf/4.9/../../../arm-linux-gnueabihf/:/usr/lib/gcc/arm-linux-gnueabihf/4.9/../../../:/lib/arm-linux-gnueabihf/:/lib/:/usr/lib/arm-linux-gnueabihf/:/usr/lib/]
  ignore line: [COLLECT_GCC_OPTIONS='-v' '-o' 'cmTC_2611a' '-rdynamic' '-march=armv6' '-mfloat-abi=hard' '-mfpu=vfp' '-mtls-dialect=gnu']
  link line: [ /usr/lib/gcc/arm-linux-gnueabihf/4.9/collect2 -plugin /usr/lib/gcc/arm-linux-gnueabihf/4.9/liblto_plugin.so -plugin-opt=/usr/lib/gcc/arm-linux-gnueabihf/4.9/lto-wrapper -plugin-opt=-fresolution=/tmp/cc57Gn2r.res -plugin-opt=-pass-through=-lgcc -plugin-opt=-pass-through=-lgcc_s -plugin-opt=-pass-through=-lc -plugin-opt=-pass-through=-lgcc -plugin-opt=-pass-through=-lgcc_s --sysroot=/ --build-id --eh-frame-hdr -export-dynamic -dynamic-linker /lib/ld-linux-armhf.so.3 -X --hash-style=gnu -m armelf_linux_eabi -o cmTC_2611a /usr/lib/gcc/arm-linux-gnueabihf/4.9/../../../arm-linux-gnueabihf/crt1.o /usr/lib/gcc/arm-linux-gnueabihf/4.9/../../../arm-linux-gnueabihf/crti.o /usr/lib/gcc/arm-linux-gnueabihf/4.9/crtbegin.o -L/usr/lib/gcc/arm-linux-gnueabihf/4.9 -L/usr/lib/gcc/arm-linux-gnueabihf/4.9/../../../arm-linux-gnueabihf -L/usr/lib/gcc/arm-linux-gnueabihf/4.9/../../.. -L/lib/arm-linux-gnueabihf -L/usr/lib/arm-linux-gnueabihf CMakeFiles/cmTC_2611a.dir/CMakeCCompilerABI.c.o -lgcc --as-needed -lgcc_s --no-as-needed -lc -lgcc --as-needed -lgcc_s --no-as-needed /usr/lib/gcc/arm-linux-gnueabihf/4.9/crtend.o /usr/lib/gcc/arm-linux-gnueabihf/4.9/../../../arm-linux-gnueabihf/crtn.o]
    arg [/usr/lib/gcc/arm-linux-gnueabihf/4.9/collect2] ==> ignore
    arg [-plugin] ==> ignore
    arg [/usr/lib/gcc/arm-linux-gnueabihf/4.9/liblto_plugin.so] ==> ignore
    arg [-plugin-opt=/usr/lib/gcc/arm-linux-gnueabihf/4.9/lto-wrapper] ==> ignore
    arg [-plugin-opt=-fresolution=/tmp/cc57Gn2r.res] ==> ignore
    arg [-plugin-opt=-pass-through=-lgcc] ==> ignore
    arg [-plugin-opt=-pass-through=-lgcc_s] ==> ignore
    arg [-plugin-opt=-pass-through=-lc] ==> ignore
    arg [-plugin-opt=-pass-through=-lgcc] ==> ignore
    arg [-plugin-opt=-pass-through=-lgcc_s] ==> ignore
    arg [--sysroot=/] ==> ignore
    arg [--build-id] ==> ignore
    arg [--eh-frame-hdr] ==> ignore
    arg [-export-dynamic] ==> ignore
    arg [-dynamic-linker] ==> ignore
    arg [/lib/ld-linux-armhf.so.3] ==> ignore
    arg [-X] ==> ignore
    arg [--hash-style=gnu] ==> ignore
    arg [-m] ==> ignore
    arg [armelf_linux_eabi] ==> ignore
    arg [-o] ==> ignore
    arg [cmTC_2611a] ==> ignore
    arg [/usr/lib/gcc/arm-linux-gnueabihf/4.9/../../../arm-linux-gnueabihf/crt1.o] ==> ignore
    arg [/usr/lib/gcc/arm-linux-gnueabihf/4.9/../../../arm-linux-gnueabihf/crti.o] ==> ignore
    arg [/usr/lib/gcc/arm-linux-gnueabihf/4.9/crtbegin.o] ==> ignore
    arg [-L/usr/lib/gcc/arm-linux-gnueabihf/4.9] ==> dir [/usr/lib/gcc/arm-linux-gnueabihf/4.9]
    arg [-L/usr/lib/gcc/arm-linux-gnueabihf/4.9/../../../arm-linux-gnueabihf] ==> dir [/usr/lib/gcc/arm-linux-gnueabihf/4.9/../../../arm-linux-gnueabihf]
    arg [-L/usr/lib/gcc/arm-linux-gnueabihf/4.9/../../..] ==> dir [/usr/lib/gcc/arm-linux-gnueabihf/4.9/../../..]
    arg [-L/lib/arm-linux-gnueabihf] ==> dir [/lib/arm-linux-gnueabihf]
    arg [-L/usr/lib/arm-linux-gnueabihf] ==> dir [/usr/lib/arm-linux-gnueabihf]
    arg [CMakeFiles/cmTC_2611a.dir/CMakeCCompilerABI.c.o] ==> ignore
    arg [-lgcc] ==> lib [gcc]
    arg [--as-needed] ==> ignore
    arg [-lgcc_s] ==> lib [gcc_s]
    arg [--no-as-needed] ==> ignore
    arg [-lc] ==> lib [c]
    arg [-lgcc] ==> lib [gcc]
    arg [--as-needed] ==> ignore
    arg [-lgcc_s] ==> lib [gcc_s]
    arg [--no-as-needed] ==> ignore
    arg [/usr/lib/gcc/arm-linux-gnueabihf/4.9/crtend.o] ==> ignore
    arg [/usr/lib/gcc/arm-linux-gnueabihf/4.9/../../../arm-linux-gnueabihf/crtn.o] ==> ignore
  remove lib [gcc]
  remove lib [gcc_s]
  remove lib [gcc]
  remove lib [gcc_s]
  collapse library dir [/usr/lib/gcc/arm-linux-gnueabihf/4.9] ==> [/usr/lib/gcc/arm-linux-gnueabihf/4.9]
  collapse library dir [/usr/lib/gcc/arm-linux-gnueabihf/4.9/../../../arm-linux-gnueabihf] ==> [/usr/lib/arm-linux-gnueabihf]
  collapse library dir [/usr/lib/gcc/arm-linux-gnueabihf/4.9/../../..] ==> [/usr/lib]
  collapse library dir [/lib/arm-linux-gnueabihf] ==> [/lib/arm-linux-gnueabihf]
  collapse library dir [/usr/lib/arm-linux-gnueabihf] ==> [/usr/lib/arm-linux-gnueabihf]
  implicit libs: [c]
  implicit dirs: [/usr/lib/gcc/arm-linux-gnueabihf/4.9;/usr/lib/arm-linux-gnueabihf;/usr/lib;/lib/arm-linux-gnueabihf]
  implicit fwks: []




Detecting C [-std=c11] compiler features compiled with the following output:
Change Dir: /home/pi/Documents/MechWarfareStuff/mjpg-streamer-master/mjpg-streamer-experimental/CMakeFiles/CMakeTmp

Run Build Command:"/usr/bin/make" "cmTC_821d0/fast"
/usr/bin/make -f CMakeFiles/cmTC_821d0.dir/build.make CMakeFiles/cmTC_821d0.dir/build
make[1]: Entering directory '/home/pi/Documents/MechWarfareStuff/mjpg-streamer-master/mjpg-streamer-experimental/CMakeFiles/CMakeTmp'
Building C object CMakeFiles/cmTC_821d0.dir/feature_tests.c.o
/usr/bin/cc    -std=c11 -o CMakeFiles/cmTC_821d0.dir/feature_tests.c.o   -c /home/pi/Documents/MechWarfareStuff/mjpg-streamer-master/mjpg-streamer-experimental/CMakeFiles/feature_tests.c
Linking C executable cmTC_821d0
/usr/bin/cmake -E cmake_link_script CMakeFiles/cmTC_821d0.dir/link.txt --verbose=1
/usr/bin/cc       CMakeFiles/cmTC_821d0.dir/feature_tests.c.o  -o cmTC_821d0 -rdynamic 
make[1]: Leaving directory '/home/pi/Documents/MechWarfareStuff/mjpg-streamer-master/mjpg-streamer-experimental/CMakeFiles/CMakeTmp'


    Feature record: C_FEATURE:1c_function_prototypes
    Feature record: C_FEATURE:1c_restrict
    Feature record: C_FEATURE:1c_static_assert
    Feature record: C_FEATURE:1c_variadic_macros


Detecting C [-std=c99] compiler features compiled with the following output:
Change Dir: /home/pi/Documents/MechWarfareStuff/mjpg-streamer-master/mjpg-streamer-experimental/CMakeFiles/CMakeTmp

Run Build Command:"/usr/bin/make" "cmTC_f6640/fast"
/usr/bin/make -f CMakeFiles/cmTC_f6640.dir/build.make CMakeFiles/cmTC_f6640.dir/build
make[1]: Entering directory '/home/pi/Documents/MechWarfareStuff/mjpg-streamer-master/mjpg-streamer-experimental/CMakeFiles/CMakeTmp'
Building C object CMakeFiles/cmTC_f6640.dir/feature_tests.c.o
/usr/bin/cc    -std=c99 -o CMakeFiles/cmTC_f6640.dir/feature_tests.c.o   -c /home/pi/Documents/MechWarfareStuff/mjpg-streamer-master/mjpg-streamer-experimental/CMakeFiles/feature_tests.c
Linking C executable cmTC_f6640
/usr/bin/cmake -E cmake_link_script CMakeFiles/cmTC_f6640.dir/link.txt --verbose=1
/usr/bin/cc       CMakeFiles/cmTC_f6640.dir/feature_tests.c.o  -o cmTC_f6640 -rdynamic 
make[1]: Leaving directory '/home/pi/Documents/MechWarfareStuff/mjpg-streamer-master/mjpg-streamer-experimental/CMakeFiles/CMakeTmp'


    Feature record: C_FEATURE:1c_function_prototypes
    Feature record: C_FEATURE:1c_restrict
    Feature record: C_FEATURE:0c_static_assert
    Feature record: C_FEATURE:1c_variadic_macros


Detecting C [-std=c90] compiler features compiled with the following output:
Change Dir: /home/pi/Documents/MechWarfareStuff/mjpg-streamer-master/mjpg-streamer-experimental/CMakeFiles/CMakeTmp

Run Build Command:"/usr/bin/make" "cmTC_89a39/fast"
/usr/bin/make -f CMakeFiles/cmTC_89a39.dir/build.make CMakeFiles/cmTC_89a39.dir/build
make[1]: Entering directory '/home/pi/Documents/MechWarfareStuff/mjpg-streamer-master/mjpg-streamer-experimental/CMakeFiles/CMakeTmp'
Building C object CMakeFiles/cmTC_89a39.dir/feature_tests.c.o
/usr/bin/cc    -std=c90 -o CMakeFiles/cmTC_89a39.dir/feature_tests.c.o   -c /home/pi/Documents/MechWarfareStuff/mjpg-streamer-master/mjpg-streamer-experimental/CMakeFiles/feature_tests.c
Linking C executable cmTC_89a39
/usr/bin/cmake -E cmake_link_script CMakeFiles/cmTC_89a39.dir/link.txt --verbose=1
/usr/bin/cc       CMakeFiles/cmTC_89a39.dir/feature_tests.c.o  -o cmTC_89a39 -rdynamic 
make[1]: Leaving directory '/home/pi/Documents/MechWarfareStuff/mjpg-streamer-master/mjpg-streamer-experimental/CMakeFiles/CMakeTmp'


    Feature record: C_FEATURE:1c_function_prototypes
    Feature record: C_FEATURE:0c_restrict
    Feature record: C_FEATURE:0c_static_assert
    Feature record: C_FEATURE:0c_variadic_macros
Determining if the CXX compiler works passed with the following output:
Change Dir: /home/pi/Documents/MechWarfareStuff/mjpg-streamer-master/mjpg-streamer-experimental/CMakeFiles/CMakeTmp

Run Build Command:"/usr/bin/make" "cmTC_f8776/fast"
/usr/bin/make -f CMakeFiles/cmTC_f8776.dir/build.make CMakeFiles/cmTC_f8776.dir/build
make[1]: Entering directory '/home/pi/Documents/MechWarfareStuff/mjpg-streamer-master/mjpg-streamer-experimental/CMakeFiles/CMakeTmp'
Building CXX object CMakeFiles/cmTC_f8776.dir/testCXXCompiler.cxx.o
/usr/bin/c++      -o CMakeFiles/cmTC_f8776.dir/testCXXCompiler.cxx.o -c /home/pi/Documents/MechWarfareStuff/mjpg-streamer-master/mjpg-streamer-experimental/CMakeFiles/CMakeTmp/testCXXCompiler.cxx
Linking CXX executable cmTC_f8776
/usr/bin/cmake -E cmake_link_script CMakeFiles/cmTC_f8776.dir/link.txt --verbose=1
/usr/bin/c++        CMakeFiles/cmTC_f8776.dir/testCXXCompiler.cxx.o  -o cmTC_f8776 -rdynamic 
make[1]: Leaving directory '/home/pi/Documents/MechWarfareStuff/mjpg-streamer-master/mjpg-streamer-experimental/CMakeFiles/CMakeTmp'


Detecting CXX compiler ABI info compiled with the following output:
Change Dir: /home/pi/Documents/MechWarfareStuff/mjpg-streamer-master/mjpg-streamer-experimental/CMakeFiles/CMakeTmp

Run Build Command:"/usr/bin/make" "cmTC_6e44b/fast"
/usr/bin/make -f CMakeFiles/cmTC_6e44b.dir/build.make CMakeFiles/cmTC_6e44b.dir/build
make[1]: Entering directory '/home/pi/Documents/MechWarfareStuff/mjpg-streamer-master/mjpg-streamer-experimental/CMakeFiles/CMakeTmp'
Building CXX object CMakeFiles/cmTC_6e44b.dir/CMakeCXXCompilerABI.cpp.o
/usr/bin/c++      -o CMakeFiles/cmTC_6e44b.dir/CMakeCXXCompilerABI.cpp.o -c /usr/share/cmake-3.6/Modules/CMakeCXXCompilerABI.cpp
Linking CXX executable cmTC_6e44b
/usr/bin/cmake -E cmake_link_script CMakeFiles/cmTC_6e44b.dir/link.txt --verbose=1
/usr/bin/c++       -v CMakeFiles/cmTC_6e44b.dir/CMakeCXXCompilerABI.cpp.o  -o cmTC_6e44b -rdynamic  
Using built-in specs.
COLLECT_GCC=/usr/bin/c++
COLLECT_LTO_WRAPPER=/usr/lib/gcc/arm-linux-gnueabihf/4.9/lto-wrapper
Target: arm-linux-gnueabihf
Configured with: ../src/configure -v --with-pkgversion='Raspbian 4.9.2-10' --with-bugurl=file:///usr/share/doc/gcc-4.9/README.Bugs --enable-languages=c,c++,java,go,d,fortran,objc,obj-c++ --prefix=/usr --program-suffix=-4.9 --enable-shared --enable-linker-build-id --libexecdir=/usr/lib --without-included-gettext --enable-threads=posix --with-gxx-include-dir=/usr/include/c++/4.9 --libdir=/usr/lib --enable-nls --with-sysroot=/ --enable-clocale=gnu --enable-libstdcxx-debug --enable-libstdcxx-time=yes --enable-gnu-unique-object --disable-libitm --disable-libquadmath --enable-plugin --with-system-zlib --disable-browser-plugin --enable-java-awt=gtk --enable-gtk-cairo --with-java-home=/usr/lib/jvm/java-1.5.0-gcj-4.9-armhf/jre --enable-java-home --with-jvm-root-dir=/usr/lib/jvm/java-1.5.0-gcj-4.9-armhf --with-jvm-jar-dir=/usr/lib/jvm-exports/java-1.5.0-gcj-4.9-armhf --with-arch-directory=arm --with-ecj-jar=/usr/share/java/eclipse-ecj.jar --enable-objc-gc --enable-multiarch --disable-sjlj-exceptions --with-arch=armv6 --with-fpu=vfp --with-float=hard --enable-checking=release --build=arm-linux-gnueabihf --host=arm-linux-gnueabihf --target=arm-linux-gnueabihf
Thread model: posix
gcc version 4.9.2 (Raspbian 4.9.2-10) 
COMPILER_PATH=/usr/lib/gcc/arm-linux-gnueabihf/4.9/:/usr/lib/gcc/arm-linux-gnueabihf/4.9/:/usr/lib/gcc/arm-linux-gnueabihf/:/usr/lib/gcc/arm-linux-gnueabihf/4.9/:/usr/lib/gcc/arm-linux-gnueabihf/
LIBRARY_PATH=/usr/lib/gcc/arm-linux-gnueabihf/4.9/:/usr/lib/gcc/arm-linux-gnueabihf/4.9/../../../arm-linux-gnueabihf/:/usr/lib/gcc/arm-linux-gnueabihf/4.9/../../../:/lib/arm-linux-gnueabihf/:/lib/:/usr/lib/arm-linux-gnueabihf/:/usr/lib/
COLLECT_GCC_OPTIONS='-v' '-o' 'cmTC_6e44b' '-rdynamic' '-shared-libgcc' '-march=armv6' '-mfloat-abi=hard' '-mfpu=vfp' '-mtls-dialect=gnu'
 /usr/lib/gcc/arm-linux-gnueabihf/4.9/collect2 -plugin /usr/lib/gcc/arm-linux-gnueabihf/4.9/liblto_plugin.so -plugin-opt=/usr/lib/gcc/arm-linux-gnueabihf/4.9/lto-wrapper -plugin-opt=-fresolution=/tmp/ccscCOgm.res -plugin-opt=-pass-through=-lgcc_s -plugin-opt=-pass-through=-lgcc -plugin-opt=-pass-through=-lc -plugin-opt=-pass-through=-lgcc_s -plugin-opt=-pass-through=-lgcc --sysroot=/ --build-id --eh-frame-hdr -export-dynamic -dynamic-linker /lib/ld-linux-armhf.so.3 -X --hash-style=gnu -m armelf_linux_eabi -o cmTC_6e44b /usr/lib/gcc/arm-linux-gnueabihf/4.9/../../../arm-linux-gnueabihf/crt1.o /usr/lib/gcc/arm-linux-gnueabihf/4.9/../../../arm-linux-gnueabihf/crti.o /usr/lib/gcc/arm-linux-gnueabihf/4.9/crtbegin.o -L/usr/lib/gcc/arm-linux-gnueabihf/4.9 -L/usr/lib/gcc/arm-linux-gnueabihf/4.9/../../../arm-linux-gnueabihf -L/usr/lib/gcc/arm-linux-gnueabihf/4.9/../../.. -L/lib/arm-linux-gnueabihf -L/usr/lib/arm-linux-gnueabihf CMakeFiles/cmTC_6e44b.dir/CMakeCXXCompilerABI.cpp.o -lstdc++ -lm -lgcc_s -lgcc -lc -lgcc_s -lgcc /usr/lib/gcc/arm-linux-gnueabihf/4.9/crtend.o /usr/lib/gcc/arm-linux-gnueabihf/4.9/../../../arm-linux-gnueabihf/crtn.o
make[1]: Leaving directory '/home/pi/Documents/MechWarfareStuff/mjpg-streamer-master/mjpg-streamer-experimental/CMakeFiles/CMakeTmp'


Parsed CXX implicit link information from above output:
  link line regex: [^( *|.*[/\])(ld|([^/\]+-)?ld|collect2)[^/\]*( |$)]
  ignore line: [Change Dir: /home/pi/Documents/MechWarfareStuff/mjpg-streamer-master/mjpg-streamer-experimental/CMakeFiles/CMakeTmp]
  ignore line: []
  ignore line: [Run Build Command:"/usr/bin/make" "cmTC_6e44b/fast"]
  ignore line: [/usr/bin/make -f CMakeFiles/cmTC_6e44b.dir/build.make CMakeFiles/cmTC_6e44b.dir/build]
  ignore line: [make[1]: Entering directory '/home/pi/Documents/MechWarfareStuff/mjpg-streamer-master/mjpg-streamer-experimental/CMakeFiles/CMakeTmp']
  ignore line: [Building CXX object CMakeFiles/cmTC_6e44b.dir/CMakeCXXCompilerABI.cpp.o]
  ignore line: [/usr/bin/c++      -o CMakeFiles/cmTC_6e44b.dir/CMakeCXXCompilerABI.cpp.o -c /usr/share/cmake-3.6/Modules/CMakeCXXCompilerABI.cpp]
  ignore line: [Linking CXX executable cmTC_6e44b]
  ignore line: [/usr/bin/cmake -E cmake_link_script CMakeFiles/cmTC_6e44b.dir/link.txt --verbose=1]
  ignore line: [/usr/bin/c++       -v CMakeFiles/cmTC_6e44b.dir/CMakeCXXCompilerABI.cpp.o  -o cmTC_6e44b -rdynamic  ]
  ignore line: [Using built-in specs.]
  ignore line: [COLLECT_GCC=/usr/bin/c++]
  ignore line: [COLLECT_LTO_WRAPPER=/usr/lib/gcc/arm-linux-gnueabihf/4.9/lto-wrapper]
  ignore line: [Target: arm-linux-gnueabihf]
  ignore line: [Configured with: ../src/configure -v --with-pkgversion='Raspbian 4.9.2-10' --with-bugurl=file:///usr/share/doc/gcc-4.9/README.Bugs --enable-languages=c,c++,java,go,d,fortran,objc,obj-c++ --prefix=/usr --program-suffix=-4.9 --enable-shared --enable-linker-build-id --libexecdir=/usr/lib --without-included-gettext --enable-threads=posix --with-gxx-include-dir=/usr/include/c++/4.9 --libdir=/usr/lib --enable-nls --with-sysroot=/ --enable-clocale=gnu --enable-libstdcxx-debug --enable-libstdcxx-time=yes --enable-gnu-unique-object --disable-libitm --disable-libquadmath --enable-plugin --with-system-zlib --disable-browser-plugin --enable-java-awt=gtk --enable-gtk-cairo --with-java-home=/usr/lib/jvm/java-1.5.0-gcj-4.9-armhf/jre --enable-java-home --with-jvm-root-dir=/usr/lib/jvm/java-1.5.0-gcj-4.9-armhf --with-jvm-jar-dir=/usr/lib/jvm-exports/java-1.5.0-gcj-4.9-armhf --with-arch-directory=arm --with-ecj-jar=/usr/share/java/eclipse-ecj.jar --enable-objc-gc --enable-multiarch --disable-sjlj-exceptions --with-arch=armv6 --with-fpu=vfp --with-float=hard --enable-checking=release --build=arm-linux-gnueabihf --host=arm-linux-gnueabihf --target=arm-linux-gnueabihf]
  ignore line: [Thread model: posix]
  ignore line: [gcc version 4.9.2 (Raspbian 4.9.2-10) ]
  ignore line: [COMPILER_PATH=/usr/lib/gcc/arm-linux-gnueabihf/4.9/:/usr/lib/gcc/arm-linux-gnueabihf/4.9/:/usr/lib/gcc/arm-linux-gnueabihf/:/usr/lib/gcc/arm-linux-gnueabihf/4.9/:/usr/lib/gcc/arm-linux-gnueabihf/]
  ignore line: [LIBRARY_PATH=/usr/lib/gcc/arm-linux-gnueabihf/4.9/:/usr/lib/gcc/arm-linux-gnueabihf/4.9/../../../arm-linux-gnueabihf/:/usr/lib/gcc/arm-linux-gnueabihf/4.9/../../../:/lib/arm-linux-gnueabihf/:/lib/:/usr/lib/arm-linux-gnueabihf/:/usr/lib/]
  ignore line: [COLLECT_GCC_OPTIONS='-v' '-o' 'cmTC_6e44b' '-rdynamic' '-shared-libgcc' '-march=armv6' '-mfloat-abi=hard' '-mfpu=vfp' '-mtls-dialect=gnu']
  link line: [ /usr/lib/gcc/arm-linux-gnueabihf/4.9/collect2 -plugin /usr/lib/gcc/arm-linux-gnueabihf/4.9/liblto_plugin.so -plugin-opt=/usr/lib/gcc/arm-linux-gnueabihf/4.9/lto-wrapper -plugin-opt=-fresolution=/tmp/ccscCOgm.res -plugin-opt=-pass-through=-lgcc_s -plugin-opt=-pass-through=-lgcc -plugin-opt=-pass-through=-lc -plugin-opt=-pass-through=-lgcc_s -plugin-opt=-pass-through=-lgcc --sysroot=/ --build-id --eh-frame-hdr -export-dynamic -dynamic-linker /lib/ld-linux-armhf.so.3 -X --hash-style=gnu -m armelf_linux_eabi -o cmTC_6e44b /usr/lib/gcc/arm-linux-gnueabihf/4.9/../../../arm-linux-gnueabihf/crt1.o /usr/lib/gcc/arm-linux-gnueabihf/4.9/../../../arm-linux-gnueabihf/crti.o /usr/lib/gcc/arm-linux-gnueabihf/4.9/crtbegin.o -L/usr/lib/gcc/arm-linux-gnueabihf/4.9 -L/usr/lib/gcc/arm-linux-gnueabihf/4.9/../../../arm-linux-gnueabihf -L/usr/lib/gcc/arm-linux-gnueabihf/4.9/../../.. -L/lib/arm-linux-gnueabihf -L/usr/lib/arm-linux-gnueabihf CMakeFiles/cmTC_6e44b.dir/CMakeCXXCompilerABI.cpp.o -lstdc++ -lm -lgcc_s -lgcc -lc -lgcc_s -lgcc /usr/lib/gcc/arm-linux-gnueabihf/4.9/crtend.o /usr/lib/gcc/arm-linux-gnueabihf/4.9/../../../arm-linux-gnueabihf/crtn.o]
    arg [/usr/lib/gcc/arm-linux-gnueabihf/4.9/collect2] ==> ignore
    arg [-plugin] ==> ignore
    arg [/usr/lib/gcc/arm-linux-gnueabihf/4.9/liblto_plugin.so] ==> ignore
    arg [-plugin-opt=/usr/lib/gcc/arm-linux-gnueabihf/4.9/lto-wrapper] ==> ignore
    arg [-plugin-opt=-fresolution=/tmp/ccscCOgm.res] ==> ignore
    arg [-plugin-opt=-pass-through=-lgcc_s] ==> ignore
    arg [-plugin-opt=-pass-through=-lgcc] ==> ignore
    arg [-plugin-opt=-pass-through=-lc] ==> ignore
    arg [-plugin-opt=-pass-through=-lgcc_s] ==> ignore
    arg [-plugin-opt=-pass-through=-lgcc] ==> ignore
    arg [--sysroot=/] ==> ignore
    arg [--build-id] ==> ignore
    arg [--eh-frame-hdr] ==> ignore
    arg [-export-dynamic] ==> ignore
    arg [-dynamic-linker] ==> ignore
    arg [/lib/ld-linux-armhf.so.3] ==> ignore
    arg [-X] ==> ignore
    arg [--hash-style=gnu] ==> ignore
    arg [-m] ==> ignore
    arg [armelf_linux_eabi] ==> ignore
    arg [-o] ==> ignore
    arg [cmTC_6e44b] ==> ignore
    arg [/usr/lib/gcc/arm-linux-gnueabihf/4.9/../../../arm-linux-gnueabihf/crt1.o] ==> ignore
    arg [/usr/lib/gcc/arm-linux-gnueabihf/4.9/../../../arm-linux-gnueabihf/crti.o] ==> ignore
    arg [/usr/lib/gcc/arm-linux-gnueabihf/4.9/crtbegin.o] ==> ignore
    arg [-L/usr/lib/gcc/arm-linux-gnueabihf/4.9] ==> dir [/usr/lib/gcc/arm-linux-gnueabihf/4.9]
    arg [-L/usr/lib/gcc/arm-linux-gnueabihf/4.9/../../../arm-linux-gnueabihf] ==> dir [/usr/lib/gcc/arm-linux-gnueabihf/4.9/../../../arm-linux-gnueabihf]
    arg [-L/usr/lib/gcc/arm-linux-gnueabihf/4.9/../../..] ==> dir [/usr/lib/gcc/arm-linux-gnueabihf/4.9/../../..]
    arg [-L/lib/arm-linux-gnueabihf] ==> dir [/lib/arm-linux-gnueabihf]
    arg [-L/usr/lib/arm-linux-gnueabihf] ==> dir [/usr/lib/arm-linux-gnueabihf]
    arg [CMakeFiles/cmTC_6e44b.dir/CMakeCXXCompilerABI.cpp.o] ==> ignore
    arg [-lstdc++] ==> lib [stdc++]
    arg [-lm] ==> lib [m]
    arg [-lgcc_s] ==> lib [gcc_s]
    arg [-lgcc] ==> lib [gcc]
    arg [-lc] ==> lib [c]
    arg [-lgcc_s] ==> lib [gcc_s]
    arg [-lgcc] ==> lib [gcc]
    arg [/usr/lib/gcc/arm-linux-gnueabihf/4.9/crtend.o] ==> ignore
    arg [/usr/lib/gcc/arm-linux-gnueabihf/4.9/../../../arm-linux-gnueabihf/crtn.o] ==> ignore
  remove lib [gcc_s]
  remove lib [gcc]
  remove lib [gcc_s]
  remove lib [gcc]
  collapse library dir [/usr/lib/gcc/arm-linux-gnueabihf/4.9] ==> [/usr/lib/gcc/arm-linux-gnueabihf/4.9]
  collapse library dir [/usr/lib/gcc/arm-linux-gnueabihf/4.9/../../../arm-linux-gnueabihf] ==> [/usr/lib/arm-linux-gnueabihf]
  collapse library dir [/usr/lib/gcc/arm-linux-gnueabihf/4.9/../../..] ==> [/usr/lib]
  collapse library dir [/lib/arm-linux-gnueabihf] ==> [/lib/arm-linux-gnueabihf]
  collapse library dir [/usr/lib/arm-linux-gnueabihf] ==> [/usr/lib/arm-linux-gnueabihf]
  implicit libs: [stdc++;m;c]
  implicit dirs: [/usr/lib/gcc/arm-linux-gnueabihf/4.9;/usr/lib/arm-linux-gnueabihf;/usr/lib;/lib/arm-linux-gnueabihf]
  implicit fwks: []




Detecting CXX [-std=c++14] compiler features compiled with the following output:
Change Dir: /home/pi/Documents/MechWarfareStuff/mjpg-streamer-master/mjpg-streamer-experimental/CMakeFiles/CMakeTmp

Run Build Command:"/usr/bin/make" "cmTC_a5991/fast"
/usr/bin/make -f CMakeFiles/cmTC_a5991.dir/build.make CMakeFiles/cmTC_a5991.dir/build
make[1]: Entering directory '/home/pi/Documents/MechWarfareStuff/mjpg-streamer-master/mjpg-streamer-experimental/CMakeFiles/CMakeTmp'
Building CXX object CMakeFiles/cmTC_a5991.dir/feature_tests.cxx.o
/usr/bin/c++     -std=c++14 -o CMakeFiles/cmTC_a5991.dir/feature_tests.cxx.o -c /home/pi/Documents/MechWarfareStuff/mjpg-streamer-master/mjpg-streamer-experimental/CMakeFiles/feature_tests.cxx
Linking CXX executable cmTC_a5991
/usr/bin/cmake -E cmake_link_script CMakeFiles/cmTC_a5991.dir/link.txt --verbose=1
/usr/bin/c++        CMakeFiles/cmTC_a5991.dir/feature_tests.cxx.o  -o cmTC_a5991 -rdynamic 
make[1]: Leaving directory '/home/pi/Documents/MechWarfareStuff/mjpg-streamer-master/mjpg-streamer-experimental/CMakeFiles/CMakeTmp'


    Feature record: CXX_FEATURE:0cxx_aggregate_default_initializers
    Feature record: CXX_FEATURE:1cxx_alias_templates
    Feature record: CXX_FEATURE:1cxx_alignas
    Feature record: CXX_FEATURE:1cxx_alignof
    Feature record: CXX_FEATURE:1cxx_attributes
    Feature record: CXX_FEATURE:1cxx_attribute_deprecated
    Feature record: CXX_FEATURE:1cxx_auto_type
    Feature record: CXX_FEATURE:1cxx_binary_literals
    Feature record: CXX_FEATURE:1cxx_constexpr
    Feature record: CXX_FEATURE:1cxx_contextual_conversions
    Feature record: CXX_FEATURE:1cxx_decltype
    Feature record: CXX_FEATURE:1cxx_decltype_auto
    Feature record: CXX_FEATURE:1cxx_decltype_incomplete_return_types
    Feature record: CXX_FEATURE:1cxx_default_function_template_args
    Feature record: CXX_FEATURE:1cxx_defaulted_functions
    Feature record: CXX_FEATURE:1cxx_defaulted_move_initializers
    Feature record: CXX_FEATURE:1cxx_delegating_constructors
    Feature record: CXX_FEATURE:1cxx_deleted_functions
    Feature record: CXX_FEATURE:1cxx_digit_separators
    Feature record: CXX_FEATURE:1cxx_enum_forward_declarations
    Feature record: CXX_FEATURE:1cxx_explicit_conversions
    Feature record: CXX_FEATURE:1cxx_extended_friend_declarations
    Feature record: CXX_FEATURE:1cxx_extern_templates
    Feature record: CXX_FEATURE:1cxx_final
    Feature record: CXX_FEATURE:1cxx_func_identifier
    Feature record: CXX_FEATURE:1cxx_generalized_initializers
    Feature record: CXX_FEATURE:1cxx_generic_lambdas
    Feature record: CXX_FEATURE:1cxx_inheriting_constructors
    Feature record: CXX_FEATURE:1cxx_inline_namespaces
    Feature record: CXX_FEATURE:1cxx_lambdas
    Feature record: CXX_FEATURE:1cxx_lambda_init_captures
    Feature record: CXX_FEATURE:1cxx_local_type_template_args
    Feature record: CXX_FEATURE:1cxx_long_long_type
    Feature record: CXX_FEATURE:1cxx_noexcept
    Feature record: CXX_FEATURE:1cxx_nonstatic_member_init
    Feature record: CXX_FEATURE:1cxx_nullptr
    Feature record: CXX_FEATURE:1cxx_override
    Feature record: CXX_FEATURE:1cxx_range_for
    Feature record: CXX_FEATURE:1cxx_raw_string_literals
    Feature record: CXX_FEATURE:1cxx_reference_qualified_functions
    Feature record: CXX_FEATURE:0cxx_relaxed_constexpr
    Feature record: CXX_FEATURE:1cxx_return_type_deduction
    Feature record: CXX_FEATURE:1cxx_right_angle_brackets
    Feature record: CXX_FEATURE:1cxx_rvalue_references
    Feature record: CXX_FEATURE:1cxx_sizeof_member
    Feature record: CXX_FEATURE:1cxx_static_assert
    Feature record: CXX_FEATURE:1cxx_strong_enums
    Feature record: CXX_FEATURE:1cxx_template_template_parameters
    Feature record: CXX_FEATURE:1cxx_thread_local
    Feature record: CXX_FEATURE:1cxx_trailing_return_types
    Feature record: CXX_FEATURE:1cxx_unicode_literals
    Feature record: CXX_FEATURE:1cxx_uniform_initialization
    Feature record: CXX_FEATURE:1cxx_unrestricted_unions
    Feature record: CXX_FEATURE:1cxx_user_literals
    Feature record: CXX_FEATURE:0cxx_variable_templates
    Feature record: CXX_FEATURE:1cxx_variadic_macros
    Feature record: CXX_FEATURE:1cxx_variadic_templates


Detecting CXX [-std=c++11] compiler features compiled with the following output:
Change Dir: /home/pi/Documents/MechWarfareStuff/mjpg-streamer-master/mjpg-streamer-experimental/CMakeFiles/CMakeTmp

Run Build Command:"/usr/bin/make" "cmTC_7bd40/fast"
/usr/bin/make -f CMakeFiles/cmTC_7bd40.dir/build.make CMakeFiles/cmTC_7bd40.dir/build
make[1]: Entering directory '/home/pi/Documents/MechWarfareStuff/mjpg-streamer-master/mjpg-streamer-experimental/CMakeFiles/CMakeTmp'
Building CXX object CMakeFiles/cmTC_7bd40.dir/feature_tests.cxx.o
/usr/bin/c++     -std=c++11 -o CMakeFiles/cmTC_7bd40.dir/feature_tests.cxx.o -c /home/pi/Documents/MechWarfareStuff/mjpg-streamer-master/mjpg-streamer-experimental/CMakeFiles/feature_tests.cxx
Linking CXX executable cmTC_7bd40
/usr/bin/cmake -E cmake_link_script CMakeFiles/cmTC_7bd40.dir/link.txt --verbose=1
/usr/bin/c++        CMakeFiles/cmTC_7bd40.dir/feature_tests.cxx.o  -o cmTC_7bd40 -rdynamic 
make[1]: Leaving directory '/home/pi/Documents/MechWarfareStuff/mjpg-streamer-master/mjpg-streamer-experimental/CMakeFiles/CMakeTmp'


    Feature record: CXX_FEATURE:0cxx_aggregate_default_initializers
    Feature record: CXX_FEATURE:1cxx_alias_templates
    Feature record: CXX_FEATURE:1cxx_alignas
    Feature record: CXX_FEATURE:1cxx_alignof
    Feature record: CXX_FEATURE:1cxx_attributes
    Feature record: CXX_FEATURE:0cxx_attribute_deprecated
    Feature record: CXX_FEATURE:1cxx_auto_type
    Feature record: CXX_FEATURE:0cxx_binary_literals
    Feature record: CXX_FEATURE:1cxx_constexpr
    Feature record: CXX_FEATURE:0cxx_contextual_conversions
    Feature record: CXX_FEATURE:1cxx_decltype
    Feature record: CXX_FEATURE:0cxx_decltype_auto
    Feature record: CXX_FEATURE:1cxx_decltype_incomplete_return_types
    Feature record: CXX_FEATURE:1cxx_default_function_template_args
    Feature record: CXX_FEATURE:1cxx_defaulted_functions
    Feature record: CXX_FEATURE:1cxx_defaulted_move_initializers
    Feature record: CXX_FEATURE:1cxx_delegating_constructors
    Feature record: CXX_FEATURE:1cxx_deleted_functions
    Feature record: CXX_FEATURE:0cxx_digit_separators
    Feature record: CXX_FEATURE:1cxx_enum_forward_declarations
    Feature record: CXX_FEATURE:1cxx_explicit_conversions
    Feature record: CXX_FEATURE:1cxx_extended_friend_declarations
    Feature record: CXX_FEATURE:1cxx_extern_templates
    Feature record: CXX_FEATURE:1cxx_final
    Feature record: CXX_FEATURE:1cxx_func_identifier
    Feature record: CXX_FEATURE:1cxx_generalized_initializers
    Feature record: CXX_FEATURE:0cxx_generic_lambdas
    Feature record: CXX_FEATURE:1cxx_inheriting_constructors
    Feature record: CXX_FEATURE:1cxx_inline_namespaces
    Feature record: CXX_FEATURE:1cxx_lambdas
    Feature record: CXX_FEATURE:0cxx_lambda_init_captures
    Feature record: CXX_FEATURE:1cxx_local_type_template_args
    Feature record: CXX_FEATURE:1cxx_long_long_type
    Feature record: CXX_FEATURE:1cxx_noexcept
    Feature record: CXX_FEATURE:1cxx_nonstatic_member_init
    Feature record: CXX_FEATURE:1cxx_nullptr
    Feature record: CXX_FEATURE:1cxx_override
    Feature record: CXX_FEATURE:1cxx_range_for
    Feature record: CXX_FEATURE:1cxx_raw_string_literals
    Feature record: CXX_FEATURE:1cxx_reference_qualified_functions
    Feature record: CXX_FEATURE:0cxx_relaxed_constexpr
    Feature record: CXX_FEATURE:0cxx_return_type_deduction
    Feature record: CXX_FEATURE:1cxx_right_angle_brackets
    Feature record: CXX_FEATURE:1cxx_rvalue_references
    Feature record: CXX_FEATURE:1cxx_sizeof_member
    Feature record: CXX_FEATURE:1cxx_static_assert
    Feature record: CXX_FEATURE:1cxx_strong_enums
    Feature record: CXX_FEATURE:1cxx_template_template_parameters
    Feature record: CXX_FEATURE:1cxx_thread_local
    Feature record: CXX_FEATURE:1cxx_trailing_return_types
    Feature record: CXX_FEATURE:1cxx_unicode_literals
    Feature record: CXX_FEATURE:1cxx_uniform_initialization
    Feature record: CXX_FEATURE:1cxx_unrestricted_unions
    Feature record: CXX_FEATURE:1cxx_user_literals
    Feature record: CXX_FEATURE:0cxx_variable_templates
    Feature record: CXX_FEATURE:1cxx_variadic_macros
    Feature record: CXX_FEATURE:1cxx_variadic_templates


Detecting CXX [-std=c++98] compiler features compiled with the following output:
Change Dir: /home/pi/Documents/MechWarfareStuff/mjpg-streamer-master/mjpg-streamer-experimental/CMakeFiles/CMakeTmp

Run Build Command:"/usr/bin/make" "cmTC_41b95/fast"
/usr/bin/make -f CMakeFiles/cmTC_41b95.dir/build.make CMakeFiles/cmTC_41b95.dir/build
make[1]: Entering directory '/home/pi/Documents/MechWarfareStuff/mjpg-streamer-master/mjpg-streamer-experimental/CMakeFiles/CMakeTmp'
Building CXX object CMakeFiles/cmTC_41b95.dir/feature_tests.cxx.o
/usr/bin/c++     -std=c++98 -o CMakeFiles/cmTC_41b95.dir/feature_tests.cxx.o -c /home/pi/Documents/MechWarfareStuff/mjpg-streamer-master/mjpg-streamer-experimental/CMakeFiles/feature_tests.cxx
Linking CXX executable cmTC_41b95
/usr/bin/cmake -E cmake_link_script CMakeFiles/cmTC_41b95.dir/link.txt --verbose=1
/usr/bin/c++        CMakeFiles/cmTC_41b95.dir/feature_tests.cxx.o  -o cmTC_41b95 -rdynamic 
make[1]: Leaving directory '/home/pi/Documents/MechWarfareStuff/mjpg-streamer-master/mjpg-streamer-experimental/CMakeFiles/CMakeTmp'


    Feature record: CXX_FEATURE:0cxx_aggregate_default_initializers
    Feature record: CXX_FEATURE:0cxx_alias_templates
    Feature record: CXX_FEATURE:0cxx_alignas
    Feature record: CXX_FEATURE:0cxx_alignof
    Feature record: CXX_FEATURE:0cxx_attributes
    Feature record: CXX_FEATURE:0cxx_attribute_deprecated
    Feature record: CXX_FEATURE:0cxx_auto_type
    Feature record: CXX_FEATURE:0cxx_binary_literals
    Feature record: CXX_FEATURE:0cxx_constexpr
    Feature record: CXX_FEATURE:0cxx_contextual_conversions
    Feature record: CXX_FEATURE:0cxx_decltype
    Feature record: CXX_FEATURE:0cxx_decltype_auto
    Feature record: CXX_FEATURE:0cxx_decltype_incomplete_return_types
    Feature record: CXX_FEATURE:0cxx_default_function_template_args
    Feature record: CXX_FEATURE:0cxx_defaulted_functions
    Feature record: CXX_FEATURE:0cxx_defaulted_move_initializers
    Feature record: CXX_FEATURE:0cxx_delegating_constructors
    Feature record: CXX_FEATURE:0cxx_deleted_functions
    Feature record: CXX_FEATURE:0cxx_digit_separators
    Feature record: CXX_FEATURE:0cxx_enum_forward_declarations
    Feature record: CXX_FEATURE:0cxx_explicit_conversions
    Feature record: CXX_FEATURE:0cxx_extended_friend_declarations
    Feature record: CXX_FEATURE:0cxx_extern_templates
    Feature record: CXX_FEATURE:0cxx_final
    Feature record: CXX_FEATURE:0cxx_func_identifier
    Feature record: CXX_FEATURE:0cxx_generalized_initializers
    Feature record: CXX_FEATURE:0cxx_generic_lambdas
    Feature record: CXX_FEATURE:0cxx_inheriting_constructors
    Feature record: CXX_FEATURE:0cxx_inline_namespaces
    Feature record: CXX_FEATURE:0cxx_lambdas
    Feature record: CXX_FEATURE:0cxx_lambda_init_captures
    Feature record: CXX_FEATURE:0cxx_local_type_template_args
    Feature record: CXX_FEATURE:0cxx_long_long_type
    Feature record: CXX_FEATURE:0cxx_noexcept
    Feature record: CXX_FEATURE:0cxx_nonstatic_member_init
    Feature record: CXX_FEATURE:0cxx_nullptr
    Feature record: CXX_FEATURE:0cxx_override
    Feature record: CXX_FEATURE:0cxx_range_for
    Feature record: CXX_FEATURE:0cxx_raw_string_literals
    Feature record: CXX_FEATURE:0cxx_reference_qualified_functions
    Feature record: CXX_FEATURE:0cxx_relaxed_constexpr
    Feature record: CXX_FEATURE:0cxx_return_type_deduction
    Feature record: CXX_FEATURE:0cxx_right_angle_brackets
    Feature record: CXX_FEATURE:0cxx_rvalue_references
    Feature record: CXX_FEATURE:0cxx_sizeof_member
    Feature record: CXX_FEATURE:0cxx_static_assert
    Feature record: CXX_FEATURE:0cxx_strong_enums
    Feature record: CXX_FEATURE:1cxx_template_template_parameters
    Feature record: CXX_FEATURE:0cxx_thread_local
    Feature record: CXX_FEATURE:0cxx_trailing_return_types
    Feature record: CXX_FEATURE:0cxx_unicode_literals
    Feature record: CXX_FEATURE:0cxx_uniform_initialization
    Feature record: CXX_FEATURE:0cxx_unrestricted_unions
    Feature record: CXX_FEATURE:0cxx_user_literals
    Feature record: CXX_FEATURE:0cxx_variable_templates
    Feature record: CXX_FEATURE:0cxx_variadic_macros
    Feature record: CXX_FEATURE:0cxx_variadic_templates
Determining if files sys/inotify.h exist passed with the following output:
Change Dir: /home/pi/Documents/MechWarfareStuff/mjpg-streamer-master/mjpg-streamer-experimental/CMakeFiles/CMakeTmp

Run Build Command:"/usr/bin/make" "cmTC_e5902/fast"
/usr/bin/make -f CMakeFiles/cmTC_e5902.dir/build.make CMakeFiles/cmTC_e5902.dir/build
make[1]: Entering directory '/home/pi/Documents/MechWarfareStuff/mjpg-streamer-master/mjpg-streamer-experimental/CMakeFiles/CMakeTmp'
Building C object CMakeFiles/cmTC_e5902.dir/CheckIncludeFiles.c.o
/usr/bin/cc     -o CMakeFiles/cmTC_e5902.dir/CheckIncludeFiles.c.o   -c /home/pi/Documents/MechWarfareStuff/mjpg-streamer-master/mjpg-streamer-experimental/CMakeFiles/CMakeTmp/CheckIncludeFiles.c
Linking C executable cmTC_e5902
/usr/bin/cmake -E cmake_link_script CMakeFiles/cmTC_e5902.dir/link.txt --verbose=1
/usr/bin/cc       CMakeFiles/cmTC_e5902.dir/CheckIncludeFiles.c.o  -o cmTC_e5902 -rdynamic 
make[1]: Leaving directory '/home/pi/Documents/MechWarfareStuff/mjpg-streamer-master/mjpg-streamer-experimental/CMakeFiles/CMakeTmp'


Determining if files linux/videodev2.h exist passed with the following output:
Change Dir: /home/pi/Documents/MechWarfareStuff/mjpg-streamer-master/mjpg-streamer-experimental/CMakeFiles/CMakeTmp

Run Build Command:"/usr/bin/make" "cmTC_cb19a/fast"
/usr/bin/make -f CMakeFiles/cmTC_cb19a.dir/build.make CMakeFiles/cmTC_cb19a.dir/build
make[1]: Entering directory '/home/pi/Documents/MechWarfareStuff/mjpg-streamer-master/mjpg-streamer-experimental/CMakeFiles/CMakeTmp'
Building C object CMakeFiles/cmTC_cb19a.dir/CheckIncludeFiles.c.o
/usr/bin/cc     -o CMakeFiles/cmTC_cb19a.dir/CheckIncludeFiles.c.o   -c /home/pi/Documents/MechWarfareStuff/mjpg-streamer-master/mjpg-streamer-experimental/CMakeFiles/CMakeTmp/CheckIncludeFiles.c
Linking C executable cmTC_cb19a
/usr/bin/cmake -E cmake_link_script CMakeFiles/cmTC_cb19a.dir/link.txt --verbose=1
/usr/bin/cc       CMakeFiles/cmTC_cb19a.dir/CheckIncludeFiles.c.o  -o cmTC_cb19a -rdynamic 
make[1]: Leaving directory '/home/pi/Documents/MechWarfareStuff/mjpg-streamer-master/mjpg-streamer-experimental/CMakeFiles/CMakeTmp'


Determining if the include file pthread.h exists passed with the following output:
Change Dir: /home/pi/Documents/MechWarfareStuff/mjpg-streamer-master/mjpg-streamer-experimental/CMakeFiles/CMakeTmp

Run Build Command:"/usr/bin/make" "cmTC_6c909/fast"
/usr/bin/make -f CMakeFiles/cmTC_6c909.dir/build.make CMakeFiles/cmTC_6c909.dir/build
make[1]: Entering directory '/home/pi/Documents/MechWarfareStuff/mjpg-streamer-master/mjpg-streamer-experimental/CMakeFiles/CMakeTmp'
Building C object CMakeFiles/cmTC_6c909.dir/CheckIncludeFile.c.o
/usr/bin/cc     -o CMakeFiles/cmTC_6c909.dir/CheckIncludeFile.c.o   -c /home/pi/Documents/MechWarfareStuff/mjpg-streamer-master/mjpg-streamer-experimental/CMakeFiles/CMakeTmp/CheckIncludeFile.c
Linking C executable cmTC_6c909
/usr/bin/cmake -E cmake_link_script CMakeFiles/cmTC_6c909.dir/link.txt --verbose=1
/usr/bin/cc       CMakeFiles/cmTC_6c909.dir/CheckIncludeFile.c.o  -o cmTC_6c909 -rdynamic 
make[1]: Leaving directory '/home/pi/Documents/MechWarfareStuff/mjpg-streamer-master/mjpg-streamer-experimental/CMakeFiles/CMakeTmp'


Determining if the function pthread_create exists in the pthread passed with the following output:
Change Dir: /home/pi/Documents/MechWarfareStuff/mjpg-streamer-master/mjpg-streamer-experimental/CMakeFiles/CMakeTmp

Run Build Command:"/usr/bin/make" "cmTC_637fa/fast"
/usr/bin/make -f CMakeFiles/cmTC_637fa.dir/build.make CMakeFiles/cmTC_637fa.dir/build
make[1]: Entering directory '/home/pi/Documents/MechWarfareStuff/mjpg-streamer-master/mjpg-streamer-experimental/CMakeFiles/CMakeTmp'
Building C object CMakeFiles/cmTC_637fa.dir/CheckFunctionExists.c.o
/usr/bin/cc    -DCHECK_FUNCTION_EXISTS=pthread_create   -o CMakeFiles/cmTC_637fa.dir/CheckFunctionExists.c.o   -c /usr/share/cmake-3.6/Modules/CheckFunctionExists.c
Linking C executable cmTC_637fa
/usr/bin/cmake -E cmake_link_script CMakeFiles/cmTC_637fa.dir/link.txt --verbose=1
/usr/bin/cc   -DCHECK_FUNCTION_EXISTS=pthread_create    CMakeFiles/cmTC_637fa.dir/CheckFunctionExists.c.o  -o cmTC_637fa -rdynamic -lpthread 
make[1]: Leaving directory '/home/pi/Documents/MechWarfareStuff/mjpg-streamer-master/mjpg-streamer-experimental/CMakeFiles/CMakeTmp'


The system is: Linux - 3.13.0-79-generic - x86_64
Compiling the C compiler identification source file "CMakeCCompilerId.c" succeeded.
Compiler: /usr/bin/cc 
Build flags: 
Id flags: 

The output was:
0


Compilation of the C compiler identification source "CMakeCCompilerId.c" produced "a.out"

The C compiler identification is GNU, found in "/home/jeremylim/Documents/psu_mech_latest/mymechStuff/mjpg-streamer-master/mjpg-streamer-experimental/CMakeFiles/2.8.12.2/CompilerIdC/a.out"

Compiling the CXX compiler identification source file "CMakeCXXCompilerId.cpp" succeeded.
Compiler: /usr/bin/c++ 
Build flags: 
Id flags: 

The output was:
0


Compilation of the CXX compiler identification source "CMakeCXXCompilerId.cpp" produced "a.out"

The CXX compiler identification is GNU, found in "/home/jeremylim/Documents/psu_mech_latest/mymechStuff/mjpg-streamer-master/mjpg-streamer-experimental/CMakeFiles/2.8.12.2/CompilerIdCXX/a.out"

Determining if the C compiler works passed with the following output:
Change Dir: /home/jeremylim/Documents/psu_mech_latest/mymechStuff/mjpg-streamer-master/mjpg-streamer-experimental/CMakeFiles/CMakeTmp

Run Build Command:/usr/bin/make "cmTryCompileExec831666837/fast"
/usr/bin/make -f CMakeFiles/cmTryCompileExec831666837.dir/build.make CMakeFiles/cmTryCompileExec831666837.dir/build
make[1]: Entering directory `/home/jeremylim/Documents/psu_mech_latest/mymechStuff/mjpg-streamer-master/mjpg-streamer-experimental/CMakeFiles/CMakeTmp'
/usr/bin/cmake -E cmake_progress_report /home/jeremylim/Documents/psu_mech_latest/mymechStuff/mjpg-streamer-master/mjpg-streamer-experimental/CMakeFiles/CMakeTmp/CMakeFiles 1
Building C object CMakeFiles/cmTryCompileExec831666837.dir/testCCompiler.c.o
/usr/bin/cc    -o CMakeFiles/cmTryCompileExec831666837.dir/testCCompiler.c.o   -c /home/jeremylim/Documents/psu_mech_latest/mymechStuff/mjpg-streamer-master/mjpg-streamer-experimental/CMakeFiles/CMakeTmp/testCCompiler.c
Linking C executable cmTryCompileExec831666837
/usr/bin/cmake -E cmake_link_script CMakeFiles/cmTryCompileExec831666837.dir/link.txt --verbose=1
/usr/bin/cc       CMakeFiles/cmTryCompileExec831666837.dir/testCCompiler.c.o  -o cmTryCompileExec831666837 -rdynamic 
make[1]: Leaving directory `/home/jeremylim/Documents/psu_mech_latest/mymechStuff/mjpg-streamer-master/mjpg-streamer-experimental/CMakeFiles/CMakeTmp'


Detecting C compiler ABI info compiled with the following output:
Change Dir: /home/jeremylim/Documents/psu_mech_latest/mymechStuff/mjpg-streamer-master/mjpg-streamer-experimental/CMakeFiles/CMakeTmp

Run Build Command:/usr/bin/make "cmTryCompileExec1541645385/fast"
/usr/bin/make -f CMakeFiles/cmTryCompileExec1541645385.dir/build.make CMakeFiles/cmTryCompileExec1541645385.dir/build
make[1]: Entering directory `/home/jeremylim/Documents/psu_mech_latest/mymechStuff/mjpg-streamer-master/mjpg-streamer-experimental/CMakeFiles/CMakeTmp'
/usr/bin/cmake -E cmake_progress_report /home/jeremylim/Documents/psu_mech_latest/mymechStuff/mjpg-streamer-master/mjpg-streamer-experimental/CMakeFiles/CMakeTmp/CMakeFiles 1
Building C object CMakeFiles/cmTryCompileExec1541645385.dir/CMakeCCompilerABI.c.o
/usr/bin/cc    -o CMakeFiles/cmTryCompileExec1541645385.dir/CMakeCCompilerABI.c.o   -c /usr/share/cmake-2.8/Modules/CMakeCCompilerABI.c
Linking C executable cmTryCompileExec1541645385
/usr/bin/cmake -E cmake_link_script CMakeFiles/cmTryCompileExec1541645385.dir/link.txt --verbose=1
/usr/bin/cc     -v CMakeFiles/cmTryCompileExec1541645385.dir/CMakeCCompilerABI.c.o  -o cmTryCompileExec1541645385 -rdynamic  
Using built-in specs.
COLLECT_GCC=/usr/bin/cc
COLLECT_LTO_WRAPPER=/usr/lib/gcc/x86_64-linux-gnu/4.8/lto-wrapper
Target: x86_64-linux-gnu
Configured with: ../src/configure -v --with-pkgversion='Ubuntu 4.8.4-2ubuntu1~14.04.3' --with-bugurl=file:///usr/share/doc/gcc-4.8/README.Bugs --enable-languages=c,c++,java,go,d,fortran,objc,obj-c++ --prefix=/usr --program-suffix=-4.8 --enable-shared --enable-linker-build-id --libexecdir=/usr/lib --without-included-gettext --enable-threads=posix --with-gxx-include-dir=/usr/include/c++/4.8 --libdir=/usr/lib --enable-nls --with-sysroot=/ --enable-clocale=gnu --enable-libstdcxx-debug --enable-libstdcxx-time=yes --enable-gnu-unique-object --disable-libmudflap --enable-plugin --with-system-zlib --disable-browser-plugin --enable-java-awt=gtk --enable-gtk-cairo --with-java-home=/usr/lib/jvm/java-1.5.0-gcj-4.8-amd64/jre --enable-java-home --with-jvm-root-dir=/usr/lib/jvm/java-1.5.0-gcj-4.8-amd64 --with-jvm-jar-dir=/usr/lib/jvm-exports/java-1.5.0-gcj-4.8-amd64 --with-arch-directory=amd64 --with-ecj-jar=/usr/share/java/eclipse-ecj.jar --enable-objc-gc --enable-multiarch --disable-werror --with-arch-32=i686 --with-abi=m64 --with-multilib-list=m32,m64,mx32 --with-tune=generic --enable-checking=release --build=x86_64-linux-gnu --host=x86_64-linux-gnu --target=x86_64-linux-gnu
Thread model: posix
gcc version 4.8.4 (Ubuntu 4.8.4-2ubuntu1~14.04.3) 
COMPILER_PATH=/usr/lib/gcc/x86_64-linux-gnu/4.8/:/usr/lib/gcc/x86_64-linux-gnu/4.8/:/usr/lib/gcc/x86_64-linux-gnu/:/usr/lib/gcc/x86_64-linux-gnu/4.8/:/usr/lib/gcc/x86_64-linux-gnu/
LIBRARY_PATH=/usr/lib/gcc/x86_64-linux-gnu/4.8/:/usr/lib/gcc/x86_64-linux-gnu/4.8/../../../x86_64-linux-gnu/:/usr/lib/gcc/x86_64-linux-gnu/4.8/../../../../lib/:/lib/x86_64-linux-gnu/:/lib/../lib/:/usr/lib/x86_64-linux-gnu/:/usr/lib/../lib/:/usr/lib/gcc/x86_64-linux-gnu/4.8/../../../:/lib/:/usr/lib/
COLLECT_GCC_OPTIONS='-v' '-o' 'cmTryCompileExec1541645385' '-rdynamic' '-mtune=generic' '-march=x86-64'
 /usr/lib/gcc/x86_64-linux-gnu/4.8/collect2 --sysroot=/ --build-id --eh-frame-hdr -m elf_x86_64 --hash-style=gnu --as-needed -export-dynamic -dynamic-linker /lib64/ld-linux-x86-64.so.2 -z relro -o cmTryCompileExec1541645385 /usr/lib/gcc/x86_64-linux-gnu/4.8/../../../x86_64-linux-gnu/crt1.o /usr/lib/gcc/x86_64-linux-gnu/4.8/../../../x86_64-linux-gnu/crti.o /usr/lib/gcc/x86_64-linux-gnu/4.8/crtbegin.o -L/usr/lib/gcc/x86_64-linux-gnu/4.8 -L/usr/lib/gcc/x86_64-linux-gnu/4.8/../../../x86_64-linux-gnu -L/usr/lib/gcc/x86_64-linux-gnu/4.8/../../../../lib -L/lib/x86_64-linux-gnu -L/lib/../lib -L/usr/lib/x86_64-linux-gnu -L/usr/lib/../lib -L/usr/lib/gcc/x86_64-linux-gnu/4.8/../../.. CMakeFiles/cmTryCompileExec1541645385.dir/CMakeCCompilerABI.c.o -lgcc --as-needed -lgcc_s --no-as-needed -lc -lgcc --as-needed -lgcc_s --no-as-needed /usr/lib/gcc/x86_64-linux-gnu/4.8/crtend.o /usr/lib/gcc/x86_64-linux-gnu/4.8/../../../x86_64-linux-gnu/crtn.o
make[1]: Leaving directory `/home/jeremylim/Documents/psu_mech_latest/mymechStuff/mjpg-streamer-master/mjpg-streamer-experimental/CMakeFiles/CMakeTmp'


Parsed C implicit link information from above output:
  link line regex: [^( *|.*[/\])(ld|([^/\]+-)?ld|collect2)[^/\]*( |$)]
  ignore line: [Change Dir: /home/jeremylim/Documents/psu_mech_latest/mymechStuff/mjpg-streamer-master/mjpg-streamer-experimental/CMakeFiles/CMakeTmp]
  ignore line: []
  ignore line: [Run Build Command:/usr/bin/make "cmTryCompileExec1541645385/fast"]
  ignore line: [/usr/bin/make -f CMakeFiles/cmTryCompileExec1541645385.dir/build.make CMakeFiles/cmTryCompileExec1541645385.dir/build]
  ignore line: [make[1]: Entering directory `/home/jeremylim/Documents/psu_mech_latest/mymechStuff/mjpg-streamer-master/mjpg-streamer-experimental/CMakeFiles/CMakeTmp']
  ignore line: [/usr/bin/cmake -E cmake_progress_report /home/jeremylim/Documents/psu_mech_latest/mymechStuff/mjpg-streamer-master/mjpg-streamer-experimental/CMakeFiles/CMakeTmp/CMakeFiles 1]
  ignore line: [Building C object CMakeFiles/cmTryCompileExec1541645385.dir/CMakeCCompilerABI.c.o]
  ignore line: [/usr/bin/cc    -o CMakeFiles/cmTryCompileExec1541645385.dir/CMakeCCompilerABI.c.o   -c /usr/share/cmake-2.8/Modules/CMakeCCompilerABI.c]
  ignore line: [Linking C executable cmTryCompileExec1541645385]
  ignore line: [/usr/bin/cmake -E cmake_link_script CMakeFiles/cmTryCompileExec1541645385.dir/link.txt --verbose=1]
  ignore line: [/usr/bin/cc     -v CMakeFiles/cmTryCompileExec1541645385.dir/CMakeCCompilerABI.c.o  -o cmTryCompileExec1541645385 -rdynamic  ]
  ignore line: [Using built-in specs.]
  ignore line: [COLLECT_GCC=/usr/bin/cc]
  ignore line: [COLLECT_LTO_WRAPPER=/usr/lib/gcc/x86_64-linux-gnu/4.8/lto-wrapper]
  ignore line: [Target: x86_64-linux-gnu]
  ignore line: [Configured with: ../src/configure -v --with-pkgversion='Ubuntu 4.8.4-2ubuntu1~14.04.3' --with-bugurl=file:///usr/share/doc/gcc-4.8/README.Bugs --enable-languages=c,c++,java,go,d,fortran,objc,obj-c++ --prefix=/usr --program-suffix=-4.8 --enable-shared --enable-linker-build-id --libexecdir=/usr/lib --without-included-gettext --enable-threads=posix --with-gxx-include-dir=/usr/include/c++/4.8 --libdir=/usr/lib --enable-nls --with-sysroot=/ --enable-clocale=gnu --enable-libstdcxx-debug --enable-libstdcxx-time=yes --enable-gnu-unique-object --disable-libmudflap --enable-plugin --with-system-zlib --disable-browser-plugin --enable-java-awt=gtk --enable-gtk-cairo --with-java-home=/usr/lib/jvm/java-1.5.0-gcj-4.8-amd64/jre --enable-java-home --with-jvm-root-dir=/usr/lib/jvm/java-1.5.0-gcj-4.8-amd64 --with-jvm-jar-dir=/usr/lib/jvm-exports/java-1.5.0-gcj-4.8-amd64 --with-arch-directory=amd64 --with-ecj-jar=/usr/share/java/eclipse-ecj.jar --enable-objc-gc --enable-multiarch --disable-werror --with-arch-32=i686 --with-abi=m64 --with-multilib-list=m32,m64,mx32 --with-tune=generic --enable-checking=release --build=x86_64-linux-gnu --host=x86_64-linux-gnu --target=x86_64-linux-gnu]
  ignore line: [Thread model: posix]
  ignore line: [gcc version 4.8.4 (Ubuntu 4.8.4-2ubuntu1~14.04.3) ]
  ignore line: [COMPILER_PATH=/usr/lib/gcc/x86_64-linux-gnu/4.8/:/usr/lib/gcc/x86_64-linux-gnu/4.8/:/usr/lib/gcc/x86_64-linux-gnu/:/usr/lib/gcc/x86_64-linux-gnu/4.8/:/usr/lib/gcc/x86_64-linux-gnu/]
  ignore line: [LIBRARY_PATH=/usr/lib/gcc/x86_64-linux-gnu/4.8/:/usr/lib/gcc/x86_64-linux-gnu/4.8/../../../x86_64-linux-gnu/:/usr/lib/gcc/x86_64-linux-gnu/4.8/../../../../lib/:/lib/x86_64-linux-gnu/:/lib/../lib/:/usr/lib/x86_64-linux-gnu/:/usr/lib/../lib/:/usr/lib/gcc/x86_64-linux-gnu/4.8/../../../:/lib/:/usr/lib/]
  ignore line: [COLLECT_GCC_OPTIONS='-v' '-o' 'cmTryCompileExec1541645385' '-rdynamic' '-mtune=generic' '-march=x86-64']
  link line: [ /usr/lib/gcc/x86_64-linux-gnu/4.8/collect2 --sysroot=/ --build-id --eh-frame-hdr -m elf_x86_64 --hash-style=gnu --as-needed -export-dynamic -dynamic-linker /lib64/ld-linux-x86-64.so.2 -z relro -o cmTryCompileExec1541645385 /usr/lib/gcc/x86_64-linux-gnu/4.8/../../../x86_64-linux-gnu/crt1.o /usr/lib/gcc/x86_64-linux-gnu/4.8/../../../x86_64-linux-gnu/crti.o /usr/lib/gcc/x86_64-linux-gnu/4.8/crtbegin.o -L/usr/lib/gcc/x86_64-linux-gnu/4.8 -L/usr/lib/gcc/x86_64-linux-gnu/4.8/../../../x86_64-linux-gnu -L/usr/lib/gcc/x86_64-linux-gnu/4.8/../../../../lib -L/lib/x86_64-linux-gnu -L/lib/../lib -L/usr/lib/x86_64-linux-gnu -L/usr/lib/../lib -L/usr/lib/gcc/x86_64-linux-gnu/4.8/../../.. CMakeFiles/cmTryCompileExec1541645385.dir/CMakeCCompilerABI.c.o -lgcc --as-needed -lgcc_s --no-as-needed -lc -lgcc --as-needed -lgcc_s --no-as-needed /usr/lib/gcc/x86_64-linux-gnu/4.8/crtend.o /usr/lib/gcc/x86_64-linux-gnu/4.8/../../../x86_64-linux-gnu/crtn.o]
    arg [/usr/lib/gcc/x86_64-linux-gnu/4.8/collect2] ==> ignore
    arg [--sysroot=/] ==> ignore
    arg [--build-id] ==> ignore
    arg [--eh-frame-hdr] ==> ignore
    arg [-m] ==> ignore
    arg [elf_x86_64] ==> ignore
    arg [--hash-style=gnu] ==> ignore
    arg [--as-needed] ==> ignore
    arg [-export-dynamic] ==> ignore
    arg [-dynamic-linker] ==> ignore
    arg [/lib64/ld-linux-x86-64.so.2] ==> ignore
    arg [-zrelro] ==> ignore
    arg [-o] ==> ignore
    arg [cmTryCompileExec1541645385] ==> ignore
    arg [/usr/lib/gcc/x86_64-linux-gnu/4.8/../../../x86_64-linux-gnu/crt1.o] ==> ignore
    arg [/usr/lib/gcc/x86_64-linux-gnu/4.8/../../../x86_64-linux-gnu/crti.o] ==> ignore
    arg [/usr/lib/gcc/x86_64-linux-gnu/4.8/crtbegin.o] ==> ignore
    arg [-L/usr/lib/gcc/x86_64-linux-gnu/4.8] ==> dir [/usr/lib/gcc/x86_64-linux-gnu/4.8]
    arg [-L/usr/lib/gcc/x86_64-linux-gnu/4.8/../../../x86_64-linux-gnu] ==> dir [/usr/lib/gcc/x86_64-linux-gnu/4.8/../../../x86_64-linux-gnu]
    arg [-L/usr/lib/gcc/x86_64-linux-gnu/4.8/../../../../lib] ==> dir [/usr/lib/gcc/x86_64-linux-gnu/4.8/../../../../lib]
    arg [-L/lib/x86_64-linux-gnu] ==> dir [/lib/x86_64-linux-gnu]
    arg [-L/lib/../lib] ==> dir [/lib/../lib]
    arg [-L/usr/lib/x86_64-linux-gnu] ==> dir [/usr/lib/x86_64-linux-gnu]
    arg [-L/usr/lib/../lib] ==> dir [/usr/lib/../lib]
    arg [-L/usr/lib/gcc/x86_64-linux-gnu/4.8/../../..] ==> dir [/usr/lib/gcc/x86_64-linux-gnu/4.8/../../..]
    arg [CMakeFiles/cmTryCompileExec1541645385.dir/CMakeCCompilerABI.c.o] ==> ignore
    arg [-lgcc] ==> lib [gcc]
    arg [--as-needed] ==> ignore
    arg [-lgcc_s] ==> lib [gcc_s]
    arg [--no-as-needed] ==> ignore
    arg [-lc] ==> lib [c]
    arg [-lgcc] ==> lib [gcc]
    arg [--as-needed] ==> ignore
    arg [-lgcc_s] ==> lib [gcc_s]
    arg [--no-as-needed] ==> ignore
    arg [/usr/lib/gcc/x86_64-linux-gnu/4.8/crtend.o] ==> ignore
    arg [/usr/lib/gcc/x86_64-linux-gnu/4.8/../../../x86_64-linux-gnu/crtn.o] ==> ignore
  remove lib [gcc]
  remove lib [gcc_s]
  remove lib [gcc]
  remove lib [gcc_s]
  collapse library dir [/usr/lib/gcc/x86_64-linux-gnu/4.8] ==> [/usr/lib/gcc/x86_64-linux-gnu/4.8]
  collapse library dir [/usr/lib/gcc/x86_64-linux-gnu/4.8/../../../x86_64-linux-gnu] ==> [/usr/lib/x86_64-linux-gnu]
  collapse library dir [/usr/lib/gcc/x86_64-linux-gnu/4.8/../../../../lib] ==> [/usr/lib]
  collapse library dir [/lib/x86_64-linux-gnu] ==> [/lib/x86_64-linux-gnu]
  collapse library dir [/lib/../lib] ==> [/lib]
  collapse library dir [/usr/lib/x86_64-linux-gnu] ==> [/usr/lib/x86_64-linux-gnu]
  collapse library dir [/usr/lib/../lib] ==> [/usr/lib]
  collapse library dir [/usr/lib/gcc/x86_64-linux-gnu/4.8/../../..] ==> [/usr/lib]
  implicit libs: [c]
  implicit dirs: [/usr/lib/gcc/x86_64-linux-gnu/4.8;/usr/lib/x86_64-linux-gnu;/usr/lib;/lib/x86_64-linux-gnu;/lib]
  implicit fwks: []


Determining if the CXX compiler works passed with the following output:
Change Dir: /home/jeremylim/Documents/psu_mech_latest/mymechStuff/mjpg-streamer-master/mjpg-streamer-experimental/CMakeFiles/CMakeTmp

Run Build Command:/usr/bin/make "cmTryCompileExec3422348523/fast"
/usr/bin/make -f CMakeFiles/cmTryCompileExec3422348523.dir/build.make CMakeFiles/cmTryCompileExec3422348523.dir/build
make[1]: Entering directory `/home/jeremylim/Documents/psu_mech_latest/mymechStuff/mjpg-streamer-master/mjpg-streamer-experimental/CMakeFiles/CMakeTmp'
/usr/bin/cmake -E cmake_progress_report /home/jeremylim/Documents/psu_mech_latest/mymechStuff/mjpg-streamer-master/mjpg-streamer-experimental/CMakeFiles/CMakeTmp/CMakeFiles 1
Building CXX object CMakeFiles/cmTryCompileExec3422348523.dir/testCXXCompiler.cxx.o
/usr/bin/c++     -o CMakeFiles/cmTryCompileExec3422348523.dir/testCXXCompiler.cxx.o -c /home/jeremylim/Documents/psu_mech_latest/mymechStuff/mjpg-streamer-master/mjpg-streamer-experimental/CMakeFiles/CMakeTmp/testCXXCompiler.cxx
Linking CXX executable cmTryCompileExec3422348523
/usr/bin/cmake -E cmake_link_script CMakeFiles/cmTryCompileExec3422348523.dir/link.txt --verbose=1
/usr/bin/c++        CMakeFiles/cmTryCompileExec3422348523.dir/testCXXCompiler.cxx.o  -o cmTryCompileExec3422348523 -rdynamic 
make[1]: Leaving directory `/home/jeremylim/Documents/psu_mech_latest/mymechStuff/mjpg-streamer-master/mjpg-streamer-experimental/CMakeFiles/CMakeTmp'


Detecting CXX compiler ABI info compiled with the following output:
Change Dir: /home/jeremylim/Documents/psu_mech_latest/mymechStuff/mjpg-streamer-master/mjpg-streamer-experimental/CMakeFiles/CMakeTmp

Run Build Command:/usr/bin/make "cmTryCompileExec2333971078/fast"
/usr/bin/make -f CMakeFiles/cmTryCompileExec2333971078.dir/build.make CMakeFiles/cmTryCompileExec2333971078.dir/build
make[1]: Entering directory `/home/jeremylim/Documents/psu_mech_latest/mymechStuff/mjpg-streamer-master/mjpg-streamer-experimental/CMakeFiles/CMakeTmp'
/usr/bin/cmake -E cmake_progress_report /home/jeremylim/Documents/psu_mech_latest/mymechStuff/mjpg-streamer-master/mjpg-streamer-experimental/CMakeFiles/CMakeTmp/CMakeFiles 1
Building CXX object CMakeFiles/cmTryCompileExec2333971078.dir/CMakeCXXCompilerABI.cpp.o
/usr/bin/c++     -o CMakeFiles/cmTryCompileExec2333971078.dir/CMakeCXXCompilerABI.cpp.o -c /usr/share/cmake-2.8/Modules/CMakeCXXCompilerABI.cpp
Linking CXX executable cmTryCompileExec2333971078
/usr/bin/cmake -E cmake_link_script CMakeFiles/cmTryCompileExec2333971078.dir/link.txt --verbose=1
/usr/bin/c++      -v CMakeFiles/cmTryCompileExec2333971078.dir/CMakeCXXCompilerABI.cpp.o  -o cmTryCompileExec2333971078 -rdynamic  
Using built-in specs.
COLLECT_GCC=/usr/bin/c++
COLLECT_LTO_WRAPPER=/usr/lib/gcc/x86_64-linux-gnu/4.8/lto-wrapper
Target: x86_64-linux-gnu
Configured with: ../src/configure -v --with-pkgversion='Ubuntu 4.8.4-2ubuntu1~14.04.3' --with-bugurl=file:///usr/share/doc/gcc-4.8/README.Bugs --enable-languages=c,c++,java,go,d,fortran,objc,obj-c++ --prefix=/usr --program-suffix=-4.8 --enable-shared --enable-linker-build-id --libexecdir=/usr/lib --without-included-gettext --enable-threads=posix --with-gxx-include-dir=/usr/include/c++/4.8 --libdir=/usr/lib --enable-nls --with-sysroot=/ --enable-clocale=gnu --enable-libstdcxx-debug --enable-libstdcxx-time=yes --enable-gnu-unique-object --disable-libmudflap --enable-plugin --with-system-zlib --disable-browser-plugin --enable-java-awt=gtk --enable-gtk-cairo --with-java-home=/usr/lib/jvm/java-1.5.0-gcj-4.8-amd64/jre --enable-java-home --with-jvm-root-dir=/usr/lib/jvm/java-1.5.0-gcj-4.8-amd64 --with-jvm-jar-dir=/usr/lib/jvm-exports/java-1.5.0-gcj-4.8-amd64 --with-arch-directory=amd64 --with-ecj-jar=/usr/share/java/eclipse-ecj.jar --enable-objc-gc --enable-multiarch --disable-werror --with-arch-32=i686 --with-abi=m64 --with-multilib-list=m32,m64,mx32 --with-tune=generic --enable-checking=release --build=x86_64-linux-gnu --host=x86_64-linux-gnu --target=x86_64-linux-gnu
Thread model: posix
gcc version 4.8.4 (Ubuntu 4.8.4-2ubuntu1~14.04.3) 
COMPILER_PATH=/usr/lib/gcc/x86_64-linux-gnu/4.8/:/usr/lib/gcc/x86_64-linux-gnu/4.8/:/usr/lib/gcc/x86_64-linux-gnu/:/usr/lib/gcc/x86_64-linux-gnu/4.8/:/usr/lib/gcc/x86_64-linux-gnu/
LIBRARY_PATH=/usr/lib/gcc/x86_64-linux-gnu/4.8/:/usr/lib/gcc/x86_64-linux-gnu/4.8/../../../x86_64-linux-gnu/:/usr/lib/gcc/x86_64-linux-gnu/4.8/../../../../lib/:/lib/x86_64-linux-gnu/:/lib/../lib/:/usr/lib/x86_64-linux-gnu/:/usr/lib/../lib/:/usr/lib/gcc/x86_64-linux-gnu/4.8/../../../:/lib/:/usr/lib/
COLLECT_GCC_OPTIONS='-v' '-o' 'cmTryCompileExec2333971078' '-rdynamic' '-shared-libgcc' '-mtune=generic' '-march=x86-64'
 /usr/lib/gcc/x86_64-linux-gnu/4.8/collect2 --sysroot=/ --build-id --eh-frame-hdr -m elf_x86_64 --hash-style=gnu --as-needed -export-dynamic -dynamic-linker /lib64/ld-linux-x86-64.so.2 -z relro -o cmTryCompileExec2333971078 /usr/lib/gcc/x86_64-linux-gnu/4.8/../../../x86_64-linux-gnu/crt1.o /usr/lib/gcc/x86_64-linux-gnu/4.8/../../../x86_64-linux-gnu/crti.o /usr/lib/gcc/x86_64-linux-gnu/4.8/crtbegin.o -L/usr/lib/gcc/x86_64-linux-gnu/4.8 -L/usr/lib/gcc/x86_64-linux-gnu/4.8/../../../x86_64-linux-gnu -L/usr/lib/gcc/x86_64-linux-gnu/4.8/../../../../lib -L/lib/x86_64-linux-gnu -L/lib/../lib -L/usr/lib/x86_64-linux-gnu -L/usr/lib/../lib -L/usr/lib/gcc/x86_64-linux-gnu/4.8/../../.. CMakeFiles/cmTryCompileExec2333971078.dir/CMakeCXXCompilerABI.cpp.o -lstdc++ -lm -lgcc_s -lgcc -lc -lgcc_s -lgcc /usr/lib/gcc/x86_64-linux-gnu/4.8/crtend.o /usr/lib/gcc/x86_64-linux-gnu/4.8/../../../x86_64-linux-gnu/crtn.o
make[1]: Leaving directory `/home/jeremylim/Documents/psu_mech_latest/mymechStuff/mjpg-streamer-master/mjpg-streamer-experimental/CMakeFiles/CMakeTmp'


Parsed CXX implicit link information from above output:
  link line regex: [^( *|.*[/\])(ld|([^/\]+-)?ld|collect2)[^/\]*( |$)]
  ignore line: [Change Dir: /home/jeremylim/Documents/psu_mech_latest/mymechStuff/mjpg-streamer-master/mjpg-streamer-experimental/CMakeFiles/CMakeTmp]
  ignore line: []
  ignore line: [Run Build Command:/usr/bin/make "cmTryCompileExec2333971078/fast"]
  ignore line: [/usr/bin/make -f CMakeFiles/cmTryCompileExec2333971078.dir/build.make CMakeFiles/cmTryCompileExec2333971078.dir/build]
  ignore line: [make[1]: Entering directory `/home/jeremylim/Documents/psu_mech_latest/mymechStuff/mjpg-streamer-master/mjpg-streamer-experimental/CMakeFiles/CMakeTmp']
  ignore line: [/usr/bin/cmake -E cmake_progress_report /home/jeremylim/Documents/psu_mech_latest/mymechStuff/mjpg-streamer-master/mjpg-streamer-experimental/CMakeFiles/CMakeTmp/CMakeFiles 1]
  ignore line: [Building CXX object CMakeFiles/cmTryCompileExec2333971078.dir/CMakeCXXCompilerABI.cpp.o]
  ignore line: [/usr/bin/c++     -o CMakeFiles/cmTryCompileExec2333971078.dir/CMakeCXXCompilerABI.cpp.o -c /usr/share/cmake-2.8/Modules/CMakeCXXCompilerABI.cpp]
  ignore line: [Linking CXX executable cmTryCompileExec2333971078]
  ignore line: [/usr/bin/cmake -E cmake_link_script CMakeFiles/cmTryCompileExec2333971078.dir/link.txt --verbose=1]
  ignore line: [/usr/bin/c++      -v CMakeFiles/cmTryCompileExec2333971078.dir/CMakeCXXCompilerABI.cpp.o  -o cmTryCompileExec2333971078 -rdynamic  ]
  ignore line: [Using built-in specs.]
  ignore line: [COLLECT_GCC=/usr/bin/c++]
  ignore line: [COLLECT_LTO_WRAPPER=/usr/lib/gcc/x86_64-linux-gnu/4.8/lto-wrapper]
  ignore line: [Target: x86_64-linux-gnu]
  ignore line: [Configured with: ../src/configure -v --with-pkgversion='Ubuntu 4.8.4-2ubuntu1~14.04.3' --with-bugurl=file:///usr/share/doc/gcc-4.8/README.Bugs --enable-languages=c,c++,java,go,d,fortran,objc,obj-c++ --prefix=/usr --program-suffix=-4.8 --enable-shared --enable-linker-build-id --libexecdir=/usr/lib --without-included-gettext --enable-threads=posix --with-gxx-include-dir=/usr/include/c++/4.8 --libdir=/usr/lib --enable-nls --with-sysroot=/ --enable-clocale=gnu --enable-libstdcxx-debug --enable-libstdcxx-time=yes --enable-gnu-unique-object --disable-libmudflap --enable-plugin --with-system-zlib --disable-browser-plugin --enable-java-awt=gtk --enable-gtk-cairo --with-java-home=/usr/lib/jvm/java-1.5.0-gcj-4.8-amd64/jre --enable-java-home --with-jvm-root-dir=/usr/lib/jvm/java-1.5.0-gcj-4.8-amd64 --with-jvm-jar-dir=/usr/lib/jvm-exports/java-1.5.0-gcj-4.8-amd64 --with-arch-directory=amd64 --with-ecj-jar=/usr/share/java/eclipse-ecj.jar --enable-objc-gc --enable-multiarch --disable-werror --with-arch-32=i686 --with-abi=m64 --with-multilib-list=m32,m64,mx32 --with-tune=generic --enable-checking=release --build=x86_64-linux-gnu --host=x86_64-linux-gnu --target=x86_64-linux-gnu]
  ignore line: [Thread model: posix]
  ignore line: [gcc version 4.8.4 (Ubuntu 4.8.4-2ubuntu1~14.04.3) ]
  ignore line: [COMPILER_PATH=/usr/lib/gcc/x86_64-linux-gnu/4.8/:/usr/lib/gcc/x86_64-linux-gnu/4.8/:/usr/lib/gcc/x86_64-linux-gnu/:/usr/lib/gcc/x86_64-linux-gnu/4.8/:/usr/lib/gcc/x86_64-linux-gnu/]
  ignore line: [LIBRARY_PATH=/usr/lib/gcc/x86_64-linux-gnu/4.8/:/usr/lib/gcc/x86_64-linux-gnu/4.8/../../../x86_64-linux-gnu/:/usr/lib/gcc/x86_64-linux-gnu/4.8/../../../../lib/:/lib/x86_64-linux-gnu/:/lib/../lib/:/usr/lib/x86_64-linux-gnu/:/usr/lib/../lib/:/usr/lib/gcc/x86_64-linux-gnu/4.8/../../../:/lib/:/usr/lib/]
  ignore line: [COLLECT_GCC_OPTIONS='-v' '-o' 'cmTryCompileExec2333971078' '-rdynamic' '-shared-libgcc' '-mtune=generic' '-march=x86-64']
  link line: [ /usr/lib/gcc/x86_64-linux-gnu/4.8/collect2 --sysroot=/ --build-id --eh-frame-hdr -m elf_x86_64 --hash-style=gnu --as-needed -export-dynamic -dynamic-linker /lib64/ld-linux-x86-64.so.2 -z relro -o cmTryCompileExec2333971078 /usr/lib/gcc/x86_64-linux-gnu/4.8/../../../x86_64-linux-gnu/crt1.o /usr/lib/gcc/x86_64-linux-gnu/4.8/../../../x86_64-linux-gnu/crti.o /usr/lib/gcc/x86_64-linux-gnu/4.8/crtbegin.o -L/usr/lib/gcc/x86_64-linux-gnu/4.8 -L/usr/lib/gcc/x86_64-linux-gnu/4.8/../../../x86_64-linux-gnu -L/usr/lib/gcc/x86_64-linux-gnu/4.8/../../../../lib -L/lib/x86_64-linux-gnu -L/lib/../lib -L/usr/lib/x86_64-linux-gnu -L/usr/lib/../lib -L/usr/lib/gcc/x86_64-linux-gnu/4.8/../../.. CMakeFiles/cmTryCompileExec2333971078.dir/CMakeCXXCompilerABI.cpp.o -lstdc++ -lm -lgcc_s -lgcc -lc -lgcc_s -lgcc /usr/lib/gcc/x86_64-linux-gnu/4.8/crtend.o /usr/lib/gcc/x86_64-linux-gnu/4.8/../../../x86_64-linux-gnu/crtn.o]
    arg [/usr/lib/gcc/x86_64-linux-gnu/4.8/collect2] ==> ignore
    arg [--sysroot=/] ==> ignore
    arg [--build-id] ==> ignore
    arg [--eh-frame-hdr] ==> ignore
    arg [-m] ==> ignore
    arg [elf_x86_64] ==> ignore
    arg [--hash-style=gnu] ==> ignore
    arg [--as-needed] ==> ignore
    arg [-export-dynamic] ==> ignore
    arg [-dynamic-linker] ==> ignore
    arg [/lib64/ld-linux-x86-64.so.2] ==> ignore
    arg [-zrelro] ==> ignore
    arg [-o] ==> ignore
    arg [cmTryCompileExec2333971078] ==> ignore
    arg [/usr/lib/gcc/x86_64-linux-gnu/4.8/../../../x86_64-linux-gnu/crt1.o] ==> ignore
    arg [/usr/lib/gcc/x86_64-linux-gnu/4.8/../../../x86_64-linux-gnu/crti.o] ==> ignore
    arg [/usr/lib/gcc/x86_64-linux-gnu/4.8/crtbegin.o] ==> ignore
    arg [-L/usr/lib/gcc/x86_64-linux-gnu/4.8] ==> dir [/usr/lib/gcc/x86_64-linux-gnu/4.8]
    arg [-L/usr/lib/gcc/x86_64-linux-gnu/4.8/../../../x86_64-linux-gnu] ==> dir [/usr/lib/gcc/x86_64-linux-gnu/4.8/../../../x86_64-linux-gnu]
    arg [-L/usr/lib/gcc/x86_64-linux-gnu/4.8/../../../../lib] ==> dir [/usr/lib/gcc/x86_64-linux-gnu/4.8/../../../../lib]
    arg [-L/lib/x86_64-linux-gnu] ==> dir [/lib/x86_64-linux-gnu]
    arg [-L/lib/../lib] ==> dir [/lib/../lib]
    arg [-L/usr/lib/x86_64-linux-gnu] ==> dir [/usr/lib/x86_64-linux-gnu]
    arg [-L/usr/lib/../lib] ==> dir [/usr/lib/../lib]
    arg [-L/usr/lib/gcc/x86_64-linux-gnu/4.8/../../..] ==> dir [/usr/lib/gcc/x86_64-linux-gnu/4.8/../../..]
    arg [CMakeFiles/cmTryCompileExec2333971078.dir/CMakeCXXCompilerABI.cpp.o] ==> ignore
    arg [-lstdc++] ==> lib [stdc++]
    arg [-lm] ==> lib [m]
    arg [-lgcc_s] ==> lib [gcc_s]
    arg [-lgcc] ==> lib [gcc]
    arg [-lc] ==> lib [c]
    arg [-lgcc_s] ==> lib [gcc_s]
    arg [-lgcc] ==> lib [gcc]
    arg [/usr/lib/gcc/x86_64-linux-gnu/4.8/crtend.o] ==> ignore
    arg [/usr/lib/gcc/x86_64-linux-gnu/4.8/../../../x86_64-linux-gnu/crtn.o] ==> ignore
  remove lib [gcc_s]
  remove lib [gcc]
  remove lib [gcc_s]
  remove lib [gcc]
  collapse library dir [/usr/lib/gcc/x86_64-linux-gnu/4.8] ==> [/usr/lib/gcc/x86_64-linux-gnu/4.8]
  collapse library dir [/usr/lib/gcc/x86_64-linux-gnu/4.8/../../../x86_64-linux-gnu] ==> [/usr/lib/x86_64-linux-gnu]
  collapse library dir [/usr/lib/gcc/x86_64-linux-gnu/4.8/../../../../lib] ==> [/usr/lib]
  collapse library dir [/lib/x86_64-linux-gnu] ==> [/lib/x86_64-linux-gnu]
  collapse library dir [/lib/../lib] ==> [/lib]
  collapse library dir [/usr/lib/x86_64-linux-gnu] ==> [/usr/lib/x86_64-linux-gnu]
  collapse library dir [/usr/lib/../lib] ==> [/usr/lib]
  collapse library dir [/usr/lib/gcc/x86_64-linux-gnu/4.8/../../..] ==> [/usr/lib]
  implicit libs: [stdc++;m;c]
  implicit dirs: [/usr/lib/gcc/x86_64-linux-gnu/4.8;/usr/lib/x86_64-linux-gnu;/usr/lib;/lib/x86_64-linux-gnu;/lib]
  implicit fwks: []


Determining if files sys/inotify.h exist passed with the following output:
Change Dir: /home/jeremylim/Documents/psu_mech_latest/mymechStuff/mjpg-streamer-master/mjpg-streamer-experimental/CMakeFiles/CMakeTmp

Run Build Command:/usr/bin/make "cmTryCompileExec3337227895/fast"
/usr/bin/make -f CMakeFiles/cmTryCompileExec3337227895.dir/build.make CMakeFiles/cmTryCompileExec3337227895.dir/build
make[1]: Entering directory `/home/jeremylim/Documents/psu_mech_latest/mymechStuff/mjpg-streamer-master/mjpg-streamer-experimental/CMakeFiles/CMakeTmp'
/usr/bin/cmake -E cmake_progress_report /home/jeremylim/Documents/psu_mech_latest/mymechStuff/mjpg-streamer-master/mjpg-streamer-experimental/CMakeFiles/CMakeTmp/CMakeFiles 1
Building C object CMakeFiles/cmTryCompileExec3337227895.dir/CheckIncludeFiles.c.o
/usr/bin/cc    -o CMakeFiles/cmTryCompileExec3337227895.dir/CheckIncludeFiles.c.o   -c /home/jeremylim/Documents/psu_mech_latest/mymechStuff/mjpg-streamer-master/mjpg-streamer-experimental/CMakeFiles/CMakeTmp/CheckIncludeFiles.c
Linking C executable cmTryCompileExec3337227895
/usr/bin/cmake -E cmake_link_script CMakeFiles/cmTryCompileExec3337227895.dir/link.txt --verbose=1
/usr/bin/cc       CMakeFiles/cmTryCompileExec3337227895.dir/CheckIncludeFiles.c.o  -o cmTryCompileExec3337227895 -rdynamic 
make[1]: Leaving directory `/home/jeremylim/Documents/psu_mech_latest/mymechStuff/mjpg-streamer-master/mjpg-streamer-experimental/CMakeFiles/CMakeTmp'


Determining if files linux/videodev2.h exist passed with the following output:
Change Dir: /home/jeremylim/Documents/psu_mech_latest/mymechStuff/mjpg-streamer-master/mjpg-streamer-experimental/CMakeFiles/CMakeTmp

Run Build Command:/usr/bin/make "cmTryCompileExec884412341/fast"
/usr/bin/make -f CMakeFiles/cmTryCompileExec884412341.dir/build.make CMakeFiles/cmTryCompileExec884412341.dir/build
make[1]: Entering directory `/home/jeremylim/Documents/psu_mech_latest/mymechStuff/mjpg-streamer-master/mjpg-streamer-experimental/CMakeFiles/CMakeTmp'
/usr/bin/cmake -E cmake_progress_report /home/jeremylim/Documents/psu_mech_latest/mymechStuff/mjpg-streamer-master/mjpg-streamer-experimental/CMakeFiles/CMakeTmp/CMakeFiles 1
Building C object CMakeFiles/cmTryCompileExec884412341.dir/CheckIncludeFiles.c.o
/usr/bin/cc    -o CMakeFiles/cmTryCompileExec884412341.dir/CheckIncludeFiles.c.o   -c /home/jeremylim/Documents/psu_mech_latest/mymechStuff/mjpg-streamer-master/mjpg-streamer-experimental/CMakeFiles/CMakeTmp/CheckIncludeFiles.c
Linking C executable cmTryCompileExec884412341
/usr/bin/cmake -E cmake_link_script CMakeFiles/cmTryCompileExec884412341.dir/link.txt --verbose=1
/usr/bin/cc       CMakeFiles/cmTryCompileExec884412341.dir/CheckIncludeFiles.c.o  -o cmTryCompileExec884412341 -rdynamic 
make[1]: Leaving directory `/home/jeremylim/Documents/psu_mech_latest/mymechStuff/mjpg-streamer-master/mjpg-streamer-experimental/CMakeFiles/CMakeTmp'


Determining if files pthread.h exist passed with the following output:
Change Dir: /home/jeremylim/Documents/psu_mech_latest/mymechStuff/mjpg-streamer-master/mjpg-streamer-experimental/CMakeFiles/CMakeTmp

Run Build Command:/usr/bin/make "cmTryCompileExec3299225203/fast"
/usr/bin/make -f CMakeFiles/cmTryCompileExec3299225203.dir/build.make CMakeFiles/cmTryCompileExec3299225203.dir/build
make[1]: Entering directory `/home/jeremylim/Documents/psu_mech_latest/mymechStuff/mjpg-streamer-master/mjpg-streamer-experimental/CMakeFiles/CMakeTmp'
/usr/bin/cmake -E cmake_progress_report /home/jeremylim/Documents/psu_mech_latest/mymechStuff/mjpg-streamer-master/mjpg-streamer-experimental/CMakeFiles/CMakeTmp/CMakeFiles 1
Building C object CMakeFiles/cmTryCompileExec3299225203.dir/CheckIncludeFiles.c.o
/usr/bin/cc    -o CMakeFiles/cmTryCompileExec3299225203.dir/CheckIncludeFiles.c.o   -c /home/jeremylim/Documents/psu_mech_latest/mymechStuff/mjpg-streamer-master/mjpg-streamer-experimental/CMakeFiles/CMakeTmp/CheckIncludeFiles.c
Linking C executable cmTryCompileExec3299225203
/usr/bin/cmake -E cmake_link_script CMakeFiles/cmTryCompileExec3299225203.dir/link.txt --verbose=1
/usr/bin/cc       CMakeFiles/cmTryCompileExec3299225203.dir/CheckIncludeFiles.c.o  -o cmTryCompileExec3299225203 -rdynamic 
make[1]: Leaving directory `/home/jeremylim/Documents/psu_mech_latest/mymechStuff/mjpg-streamer-master/mjpg-streamer-experimental/CMakeFiles/CMakeTmp'


Determining if the function pthread_create exists in the pthread passed with the following output:
Change Dir: /home/jeremylim/Documents/psu_mech_latest/mymechStuff/mjpg-streamer-master/mjpg-streamer-experimental/CMakeFiles/CMakeTmp

Run Build Command:/usr/bin/make "cmTryCompileExec2249735316/fast"
/usr/bin/make -f CMakeFiles/cmTryCompileExec2249735316.dir/build.make CMakeFiles/cmTryCompileExec2249735316.dir/build
make[1]: Entering directory `/home/jeremylim/Documents/psu_mech_latest/mymechStuff/mjpg-streamer-master/mjpg-streamer-experimental/CMakeFiles/CMakeTmp'
/usr/bin/cmake -E cmake_progress_report /home/jeremylim/Documents/psu_mech_latest/mymechStuff/mjpg-streamer-master/mjpg-streamer-experimental/CMakeFiles/CMakeTmp/CMakeFiles 1
Building C object CMakeFiles/cmTryCompileExec2249735316.dir/CheckFunctionExists.c.o
/usr/bin/cc   -DCHECK_FUNCTION_EXISTS=pthread_create   -o CMakeFiles/cmTryCompileExec2249735316.dir/CheckFunctionExists.c.o   -c /usr/share/cmake-2.8/Modules/CheckFunctionExists.c
Linking C executable cmTryCompileExec2249735316
/usr/bin/cmake -E cmake_link_script CMakeFiles/cmTryCompileExec2249735316.dir/link.txt --verbose=1
/usr/bin/cc   -DCHECK_FUNCTION_EXISTS=pthread_create    CMakeFiles/cmTryCompileExec2249735316.dir/CheckFunctionExists.c.o  -o cmTryCompileExec2249735316 -rdynamic -lpthread 
make[1]: Leaving directory `/home/jeremylim/Documents/psu_mech_latest/mymechStuff/mjpg-streamer-master/mjpg-streamer-experimental/CMakeFiles/CMakeTmp'


