Determining if the pthread_create exist failed with the following output:
Change Dir: /home/pi/Documents/MechWarfareStuff/mjpg-streamer-master/mjpg-streamer-experimental/CMakeFiles/CMakeTmp

Run Build Command:"/usr/bin/make" "cmTC_def96/fast"
/usr/bin/make -f CMakeFiles/cmTC_def96.dir/build.make CMakeFiles/cmTC_def96.dir/build
make[1]: Entering directory '/home/pi/Documents/MechWarfareStuff/mjpg-streamer-master/mjpg-streamer-experimental/CMakeFiles/CMakeTmp'
Building C object CMakeFiles/cmTC_def96.dir/CheckSymbolExists.c.o
/usr/bin/cc     -o CMakeFiles/cmTC_def96.dir/CheckSymbolExists.c.o   -c /home/pi/Documents/MechWarfareStuff/mjpg-streamer-master/mjpg-streamer-experimental/CMakeFiles/CMakeTmp/CheckSymbolExists.c
Linking C executable cmTC_def96
/usr/bin/cmake -E cmake_link_script CMakeFiles/cmTC_def96.dir/link.txt --verbose=1
/usr/bin/cc       CMakeFiles/cmTC_def96.dir/CheckSymbolExists.c.o  -o cmTC_def96 -rdynamic 
CMakeFiles/cmTC_def96.dir/CheckSymbolExists.c.o: In function `main':
CheckSymbolExists.c:(.text+0x38): undefined reference to `pthread_create'
collect2: error: ld returned 1 exit status
CMakeFiles/cmTC_def96.dir/build.make:97: recipe for target 'cmTC_def96' failed
make[1]: *** [cmTC_def96] Error 1
make[1]: Leaving directory '/home/pi/Documents/MechWarfareStuff/mjpg-streamer-master/mjpg-streamer-experimental/CMakeFiles/CMakeTmp'
Makefile:126: recipe for target 'cmTC_def96/fast' failed
make: *** [cmTC_def96/fast] Error 2

File /home/pi/Documents/MechWarfareStuff/mjpg-streamer-master/mjpg-streamer-experimental/CMakeFiles/CMakeTmp/CheckSymbolExists.c:
/* */
#include <pthread.h>

int main(int argc, char** argv)
{
  (void)argv;
#ifndef pthread_create
  return ((int*)(&pthread_create))[argc];
#else
  (void)argc;
  return 0;
#endif
}

Determining if the function pthread_create exists in the pthreads failed with the following output:
Change Dir: /home/pi/Documents/MechWarfareStuff/mjpg-streamer-master/mjpg-streamer-experimental/CMakeFiles/CMakeTmp

Run Build Command:"/usr/bin/make" "cmTC_2d7d4/fast"
/usr/bin/make -f CMakeFiles/cmTC_2d7d4.dir/build.make CMakeFiles/cmTC_2d7d4.dir/build
make[1]: Entering directory '/home/pi/Documents/MechWarfareStuff/mjpg-streamer-master/mjpg-streamer-experimental/CMakeFiles/CMakeTmp'
Building C object CMakeFiles/cmTC_2d7d4.dir/CheckFunctionExists.c.o
/usr/bin/cc    -DCHECK_FUNCTION_EXISTS=pthread_create   -o CMakeFiles/cmTC_2d7d4.dir/CheckFunctionExists.c.o   -c /usr/share/cmake-3.6/Modules/CheckFunctionExists.c
Linking C executable cmTC_2d7d4
/usr/bin/cmake -E cmake_link_script CMakeFiles/cmTC_2d7d4.dir/link.txt --verbose=1
/usr/bin/cc   -DCHECK_FUNCTION_EXISTS=pthread_create    CMakeFiles/cmTC_2d7d4.dir/CheckFunctionExists.c.o  -o cmTC_2d7d4 -rdynamic -lpthreads 
/usr/bin/ld: cannot find -lpthreads
collect2: error: ld returned 1 exit status
CMakeFiles/cmTC_2d7d4.dir/build.make:97: recipe for target 'cmTC_2d7d4' failed
make[1]: *** [cmTC_2d7d4] Error 1
make[1]: Leaving directory '/home/pi/Documents/MechWarfareStuff/mjpg-streamer-master/mjpg-streamer-experimental/CMakeFiles/CMakeTmp'
Makefile:126: recipe for target 'cmTC_2d7d4/fast' failed
make: *** [cmTC_2d7d4/fast] Error 2


Determining if the pthread_create exist failed with the following output:
Change Dir: /home/jeremylim/Documents/psu_mech_latest/mymechStuff/mjpg-streamer-master/mjpg-streamer-experimental/CMakeFiles/CMakeTmp

Run Build Command:/usr/bin/make "cmTryCompileExec3502758213/fast"
/usr/bin/make -f CMakeFiles/cmTryCompileExec3502758213.dir/build.make CMakeFiles/cmTryCompileExec3502758213.dir/build
make[1]: Entering directory `/home/jeremylim/Documents/psu_mech_latest/mymechStuff/mjpg-streamer-master/mjpg-streamer-experimental/CMakeFiles/CMakeTmp'
/usr/bin/cmake -E cmake_progress_report /home/jeremylim/Documents/psu_mech_latest/mymechStuff/mjpg-streamer-master/mjpg-streamer-experimental/CMakeFiles/CMakeTmp/CMakeFiles 1
Building C object CMakeFiles/cmTryCompileExec3502758213.dir/CheckSymbolExists.c.o
/usr/bin/cc    -o CMakeFiles/cmTryCompileExec3502758213.dir/CheckSymbolExists.c.o   -c /home/jeremylim/Documents/psu_mech_latest/mymechStuff/mjpg-streamer-master/mjpg-streamer-experimental/CMakeFiles/CMakeTmp/CheckSymbolExists.c
Linking C executable cmTryCompileExec3502758213
/usr/bin/cmake -E cmake_link_script CMakeFiles/cmTryCompileExec3502758213.dir/link.txt --verbose=1
/usr/bin/cc       CMakeFiles/cmTryCompileExec3502758213.dir/CheckSymbolExists.c.o  -o cmTryCompileExec3502758213 -rdynamic 
make[1]: Leaving directory `/home/jeremylim/Documents/psu_mech_latest/mymechStuff/mjpg-streamer-master/mjpg-streamer-experimental/CMakeFiles/CMakeTmp'
CMakeFiles/cmTryCompileExec3502758213.dir/CheckSymbolExists.c.o: In function `main':
CheckSymbolExists.c:(.text+0x16): undefined reference to `pthread_create'
collect2: error: ld returned 1 exit status
make[1]: *** [cmTryCompileExec3502758213] Error 1
make: *** [cmTryCompileExec3502758213/fast] Error 2

File /home/jeremylim/Documents/psu_mech_latest/mymechStuff/mjpg-streamer-master/mjpg-streamer-experimental/CMakeFiles/CMakeTmp/CheckSymbolExists.c:
/* */
#include <pthread.h>

int main(int argc, char** argv)
{
  (void)argv;
#ifndef pthread_create
  return ((int*)(&pthread_create))[argc];
#else
  (void)argc;
  return 0;
#endif
}

Determining if the function pthread_create exists in the pthreads failed with the following output:
Change Dir: /home/jeremylim/Documents/psu_mech_latest/mymechStuff/mjpg-streamer-master/mjpg-streamer-experimental/CMakeFiles/CMakeTmp

Run Build Command:/usr/bin/make "cmTryCompileExec1489043281/fast"
/usr/bin/make -f CMakeFiles/cmTryCompileExec1489043281.dir/build.make CMakeFiles/cmTryCompileExec1489043281.dir/build
make[1]: Entering directory `/home/jeremylim/Documents/psu_mech_latest/mymechStuff/mjpg-streamer-master/mjpg-streamer-experimental/CMakeFiles/CMakeTmp'
/usr/bin/cmake -E cmake_progress_report /home/jeremylim/Documents/psu_mech_latest/mymechStuff/mjpg-streamer-master/mjpg-streamer-experimental/CMakeFiles/CMakeTmp/CMakeFiles 1
Building C object CMakeFiles/cmTryCompileExec1489043281.dir/CheckFunctionExists.c.o
/usr/bin/cc   -DCHECK_FUNCTION_EXISTS=pthread_create   -o CMakeFiles/cmTryCompileExec1489043281.dir/CheckFunctionExists.c.o   -c /usr/share/cmake-2.8/Modules/CheckFunctionExists.c
Linking C executable cmTryCompileExec1489043281
/usr/bin/cmake -E cmake_link_script CMakeFiles/cmTryCompileExec1489043281.dir/link.txt --verbose=1
/usr/bin/cc   -DCHECK_FUNCTION_EXISTS=pthread_create    CMakeFiles/cmTryCompileExec1489043281.dir/CheckFunctionExists.c.o  -o cmTryCompileExec1489043281 -rdynamic -lpthreads 
make[1]: Leaving directory `/home/jeremylim/Documents/psu_mech_latest/mymechStuff/mjpg-streamer-master/mjpg-streamer-experimental/CMakeFiles/CMakeTmp'
/usr/bin/ld: cannot find -lpthreads
collect2: error: ld returned 1 exit status
make[1]: *** [cmTryCompileExec1489043281] Error 1
make: *** [cmTryCompileExec1489043281/fast] Error 2


